\BOOKMARK [0][-]{part.1}{1\040Introduction}{}% 1
\BOOKMARK [1][-]{section.1.1}{BF : Le 9e Âge, qu'est-ce que c'est ?}{part.1}% 2
\BOOKMARK [1][-]{section.1.2}{Note\040des\040traducteurs\040sur\040les\040distances}{part.1}% 3
\BOOKMARK [1][-]{section.1.3}{L'échelle du jeu...}{part.1}% 4
\BOOKMARK [0][-]{part.2}{2 Figurines, unités et formations}{}% 5
\BOOKMARK [1][-]{section.2.1}{Figurines}{part.2}% 6
\BOOKMARK [1][-]{section.2.2}{Unités}{part.2}% 7
\BOOKMARK [0][-]{part.3}{3 Principes généraux}{}% 8
\BOOKMARK [1][-]{section.3.1}{Jeu\040au\040tour\040par\040tour}{part.3}% 9
\BOOKMARK [1][-]{section.3.2}{Les dés}{part.3}% 10
\BOOKMARK [1][-]{section.3.3}{Gabarits}{part.3}% 11
\BOOKMARK [0][-]{part.4}{4\040Logistique\040du\040champ\040de\040bataille}{}% 12
\BOOKMARK [1][-]{section.4.1}{Distances}{part.4}% 13
\BOOKMARK [1][-]{section.4.2}{Champ\040de\040vision}{part.4}% 14
\BOOKMARK [1][-]{section.4.3}{Règle du pouce d'écart}{part.4}% 15
\BOOKMARK [1][-]{section.4.4}{Bords\040de\040table}{part.4}% 16
\BOOKMARK [0][-]{part.5}{5 Caractéristiques}{}% 17
\BOOKMARK [1][-]{section.5.1}{Profil de caractéristiques}{part.5}% 18
\BOOKMARK [1][-]{section.5.2}{Test de caractéristique}{part.5}% 19
\BOOKMARK [0][-]{part.6}{6 Préparer une partie}{}% 20
\BOOKMARK [1][-]{section.6.1}{Construire votre liste d'armée}{part.6}% 21
\BOOKMARK [1][-]{section.6.2}{Coût en points}{part.6}% 22
\BOOKMARK [1][-]{section.6.3}{Restrictions}{part.6}% 23
\BOOKMARK [1][-]{section.6.4}{Patrouilles et grandes armées}{part.6}% 24
\BOOKMARK [1][-]{section.6.5}{Liste d'armée ouverte ?}{part.6}% 25
\BOOKMARK [0][-]{part.7}{7\040Mise\040en\040place\040de\040la\040partie}{}% 26
\BOOKMARK [1][-]{section.7.1}{Étapes de la préparation}{part.7}% 27
\BOOKMARK [1][-]{section.7.2}{Taille\040de\040la\040partie}{part.7}% 28
\BOOKMARK [1][-]{section.7.3}{Dévoiler les listes}{part.7}% 29
\BOOKMARK [1][-]{section.7.4}{Placer les décors}{part.7}% 30
\BOOKMARK [1][-]{section.7.5}{Type de déploiement}{part.7}% 31
\BOOKMARK [1][-]{section.7.6}{Objectifs\040secondaires}{part.7}% 32
\BOOKMARK [1][-]{section.7.7}{Zones de déploiement}{part.7}% 33
\BOOKMARK [1][-]{section.7.8}{Générer les sorts}{part.7}% 34
\BOOKMARK [0][-]{part.8}{8 Déploiement}{}% 35
\BOOKMARK [0][-]{part.9}{9\040Phase\040de\040mouvement}{}% 36
\BOOKMARK [1][-]{section.9.1}{Étapes de la phase}{part.9}% 37
\BOOKMARK [1][-]{section.9.2}{Déclaration des charges}{part.9}% 38
\BOOKMARK [1][-]{section.9.3}{Mouvements\040obligatoires}{part.9}% 39
\BOOKMARK [1][-]{section.9.4}{Autres\040mouvements}{part.9}% 40
\BOOKMARK [1][-]{section.9.5}{Pivots\040et\040roues}{part.9}% 41
\BOOKMARK [0][-]{part.10}{10\040Phase\040de\040magie}{}% 42
\BOOKMARK [1][-]{section.10.1}{Sorciers}{part.10}% 43
\BOOKMARK [1][-]{section.10.2}{Sorts}{part.10}% 44
\BOOKMARK [1][-]{section.10.3}{Étapes de la phase de magie}{part.10}% 45
\BOOKMARK [1][-]{section.10.4}{Étapes de lancement d'un sort}{part.10}% 46
\BOOKMARK [1][-]{section.10.5}{Attributs\040de\040discipline}{part.10}% 47
\BOOKMARK [1][-]{section.10.6}{Objets\040de\040sort}{part.10}% 48
\BOOKMARK [1][-]{section.10.7}{Effets\040magiques\040particuliers}{part.10}% 49
\BOOKMARK [0][-]{part.11}{11\040Phase\040de\040tir}{}% 50
\BOOKMARK [1][-]{section.11.1}{Étapes de la phase de tir}{part.11}% 51
\BOOKMARK [1][-]{section.11.2}{Jets de dé pour toucher}{part.11}% 52
\BOOKMARK [0][-]{part.12}{12 Phase de corps à corps}{}% 53
\BOOKMARK [1][-]{section.12.1}{Étapes de la phase de corps à corps}{part.12}% 54
\BOOKMARK [1][-]{section.12.2}{Étapes d'une manche de corps à corps}{part.12}% 55
\BOOKMARK [1][-]{section.12.3}{Gagner\040une\040manche\040de\040combat}{part.12}% 56
\BOOKMARK [1][-]{section.12.4}{Test\040de\040moral}{part.12}% 57
\BOOKMARK [1][-]{section.12.5}{Poursuites et charges irrésistibles}{part.12}% 58
\BOOKMARK [1][-]{section.12.6}{Reformation\040de\040combat}{part.12}% 59
\BOOKMARK [0][-]{part.13}{13\040Attaques\040et\040blessures}{}% 60
\BOOKMARK [1][-]{section.13.1}{Étapes d'une attaque}{part.13}% 61
\BOOKMARK [1][-]{section.13.2}{Répartition des touches}{part.13}% 62
\BOOKMARK [1][-]{section.13.3}{Jets\040pour\040blesser}{part.13}% 63
\BOOKMARK [1][-]{section.13.4}{Sauvegarde\040d'armure\040et\040modificateurs}{part.13}% 64
\BOOKMARK [1][-]{section.13.5}{Régénération et sauvegarde invulnérable}{part.13}% 65
\BOOKMARK [1][-]{section.13.6}{Retirer\040les\040points\040de\040vie}{part.13}% 66
\BOOKMARK [1][-]{section.13.7}{Retirer\040les\040pertes}{part.13}% 67
\BOOKMARK [1][-]{section.13.8}{Test\040de\040panique}{part.13}% 68
\BOOKMARK [0][-]{part.14}{14\040Types\040de\040troupe}{}% 69
\BOOKMARK [1][-]{section.14.1}{Figurines à pied ou montées}{part.14}% 70
\BOOKMARK [1][-]{section.14.2}{Règles spéciales des types de troupe}{part.14}% 71
\BOOKMARK [0][-]{part.15}{15 Équipement standard}{}% 72
\BOOKMARK [1][-]{section.15.1}{Armes de corps à corps}{part.15}% 73
\BOOKMARK [1][-]{section.15.2}{Armes\040de\040tir}{part.15}% 74
\BOOKMARK [1][-]{section.15.3}{Armes\040d'artillerie}{part.15}% 75
\BOOKMARK [1][-]{section.15.4}{Armures}{part.15}% 76
\BOOKMARK [0][-]{part.16}{16\040Personnages}{}% 77
\BOOKMARK [1][-]{section.16.1}{Personnages isolés}{part.16}% 78
\BOOKMARK [1][-]{section.16.2}{Rejoindre une unité}{part.16}% 79
\BOOKMARK [1][-]{section.16.3}{Le général}{part.16}% 80
\BOOKMARK [1][-]{section.16.4}{Le porteur de la grande bannière}{part.16}% 81
\BOOKMARK [1][-]{section.16.5}{Défis}{part.16}% 82
\BOOKMARK [0][-]{part.17}{17 État-majors}{}% 83
\BOOKMARK [1][-]{section.17.1}{État-major et pertes}{part.17}% 84
\BOOKMARK [1][-]{section.17.2}{Musiciens}{part.17}% 85
\BOOKMARK [1][-]{section.17.3}{Porte-étendard}{part.17}% 86
\BOOKMARK [1][-]{section.17.4}{Champions}{part.17}% 87
\BOOKMARK [0][-]{part.18}{18 Terrains et décors}{}% 88
\BOOKMARK [1][-]{section.18.1}{Types\040de\040terrain}{part.18}% 89
\BOOKMARK [1][-]{section.18.2}{Liste\040des\040terrains\040particuliers}{part.18}% 90
\BOOKMARK [0][-]{part.19}{19\040Conditions\040de\040victoire\040et\040points}{}% 91
\BOOKMARK [1][-]{section.19.1}{Gagner\040des\040points\040de\040victoire}{part.19}% 92
\BOOKMARK [1][-]{section.19.2}{Qui a gagné ?}{part.19}% 93
\BOOKMARK [0][-]{part.20}{20 Règles spéciales}{}% 94
\BOOKMARK [1][-]{section.20.1}{Liste des règles spéciales}{part.20}% 95
\BOOKMARK [1][-]{section.20.2}{Appliquer les règles spéciales}{part.20}% 96
\BOOKMARK [0][-]{part.21}{21\040Objets\040magiques}{}% 97
\BOOKMARK [1][-]{section.21.1}{Catégories d'objets magiques}{part.21}% 98
\BOOKMARK [0][-]{part.22}{22 Résumé des Règles}{}% 99
\BOOKMARK [0][-]{part.23}{23\040Journal\040des\040modifications}{}% 100
