This is pdfTeX, Version 3.14159265-2.6-1.40.16 (MiKTeX 2.9) (preloaded format=pdflatex 2015.12.4)  24 APR 2016 15:10
entering extended mode
**the-ninth-age_Rules_0-99-5_FR0.tex
(the-ninth-age_Rules_0-99-5_FR0.tex
LaTeX2e <2015/01/01> patch level 2
Babel <3.9m> and hyphenation patterns for 69 languages loaded.
("C:\Program Files (x86)\MiKTeX 2.9\tex\latex\base\article.cls"
Document Class: article 2014/09/29 v1.4h Standard LaTeX document class
("C:\Program Files (x86)\MiKTeX 2.9\tex\latex\base\size11.clo"
File: size11.clo 2014/09/29 v1.4h Standard LaTeX file (size option)
)
\c@part=\count79
\c@section=\count80
\c@subsection=\count81
\c@subsubsection=\count82
\c@paragraph=\count83
\c@subparagraph=\count84
\c@figure=\count85
\c@table=\count86
\abovecaptionskip=\skip41
\belowcaptionskip=\skip42
\bibindent=\dimen102
)
("C:\Program Files (x86)\MiKTeX 2.9\tex\latex\preprint\fullpage.sty"
Package: fullpage 1999/02/23 1.1 (PWD)
\FP@margin=\skip43
)
("C:\Program Files (x86)\MiKTeX 2.9\tex\latex\base\fontenc.sty"
Package: fontenc 2005/09/27 v1.99g Standard LaTeX package

("C:\Program Files (x86)\MiKTeX 2.9\tex\latex\base\t1enc.def"
File: t1enc.def 2005/09/27 v1.99g Standard LaTeX file
LaTeX Font Info:    Redeclaring font encoding T1 on input line 48.
))
("C:\Program Files (x86)\MiKTeX 2.9\tex\latex\base\inputenc.sty"
Package: inputenc 2015/03/17 v1.2c Input encoding file
\inpenc@prehook=\toks14
\inpenc@posthook=\toks15

("C:\Program Files (x86)\MiKTeX 2.9\tex\latex\base\utf8.def"
File: utf8.def 2015/06/27 v1.1n UTF-8 support for inputenc
Now handling font encoding OML ...
... no UTF-8 mapping file for font encoding OML
Now handling font encoding T1 ...
... processing UTF-8 mapping file for font encoding T1

("C:\Program Files (x86)\MiKTeX 2.9\tex\latex\base\t1enc.dfu"
File: t1enc.dfu 2015/06/27 v1.1n UTF-8 support for inputenc
   defining Unicode char U+00A1 (decimal 161)
   defining Unicode char U+00A3 (decimal 163)
   defining Unicode char U+00AB (decimal 171)
   defining Unicode char U+00BB (decimal 187)
   defining Unicode char U+00BF (decimal 191)
   defining Unicode char U+00C0 (decimal 192)
   defining Unicode char U+00C1 (decimal 193)
   defining Unicode char U+00C2 (decimal 194)
   defining Unicode char U+00C3 (decimal 195)
   defining Unicode char U+00C4 (decimal 196)
   defining Unicode char U+00C5 (decimal 197)
   defining Unicode char U+00C6 (decimal 198)
   defining Unicode char U+00C7 (decimal 199)
   defining Unicode char U+00C8 (decimal 200)
   defining Unicode char U+00C9 (decimal 201)
   defining Unicode char U+00CA (decimal 202)
   defining Unicode char U+00CB (decimal 203)
   defining Unicode char U+00CC (decimal 204)
   defining Unicode char U+00CD (decimal 205)
   defining Unicode char U+00CE (decimal 206)
   defining Unicode char U+00CF (decimal 207)
   defining Unicode char U+00D0 (decimal 208)
   defining Unicode char U+00D1 (decimal 209)
   defining Unicode char U+00D2 (decimal 210)
   defining Unicode char U+00D3 (decimal 211)
   defining Unicode char U+00D4 (decimal 212)
   defining Unicode char U+00D5 (decimal 213)
   defining Unicode char U+00D6 (decimal 214)
   defining Unicode char U+00D8 (decimal 216)
   defining Unicode char U+00D9 (decimal 217)
   defining Unicode char U+00DA (decimal 218)
   defining Unicode char U+00DB (decimal 219)
   defining Unicode char U+00DC (decimal 220)
   defining Unicode char U+00DD (decimal 221)
   defining Unicode char U+00DE (decimal 222)
   defining Unicode char U+00DF (decimal 223)
   defining Unicode char U+00E0 (decimal 224)
   defining Unicode char U+00E1 (decimal 225)
   defining Unicode char U+00E2 (decimal 226)
   defining Unicode char U+00E3 (decimal 227)
   defining Unicode char U+00E4 (decimal 228)
   defining Unicode char U+00E5 (decimal 229)
   defining Unicode char U+00E6 (decimal 230)
   defining Unicode char U+00E7 (decimal 231)
   defining Unicode char U+00E8 (decimal 232)
   defining Unicode char U+00E9 (decimal 233)
   defining Unicode char U+00EA (decimal 234)
   defining Unicode char U+00EB (decimal 235)
   defining Unicode char U+00EC (decimal 236)
   defining Unicode char U+00ED (decimal 237)
   defining Unicode char U+00EE (decimal 238)
   defining Unicode char U+00EF (decimal 239)
   defining Unicode char U+00F0 (decimal 240)
   defining Unicode char U+00F1 (decimal 241)
   defining Unicode char U+00F2 (decimal 242)
   defining Unicode char U+00F3 (decimal 243)
   defining Unicode char U+00F4 (decimal 244)
   defining Unicode char U+00F5 (decimal 245)
   defining Unicode char U+00F6 (decimal 246)
   defining Unicode char U+00F8 (decimal 248)
   defining Unicode char U+00F9 (decimal 249)
   defining Unicode char U+00FA (decimal 250)
   defining Unicode char U+00FB (decimal 251)
   defining Unicode char U+00FC (decimal 252)
   defining Unicode char U+00FD (decimal 253)
   defining Unicode char U+00FE (decimal 254)
   defining Unicode char U+00FF (decimal 255)
   defining Unicode char U+0102 (decimal 258)
   defining Unicode char U+0103 (decimal 259)
   defining Unicode char U+0104 (decimal 260)
   defining Unicode char U+0105 (decimal 261)
   defining Unicode char U+0106 (decimal 262)
   defining Unicode char U+0107 (decimal 263)
   defining Unicode char U+010C (decimal 268)
   defining Unicode char U+010D (decimal 269)
   defining Unicode char U+010E (decimal 270)
   defining Unicode char U+010F (decimal 271)
   defining Unicode char U+0110 (decimal 272)
   defining Unicode char U+0111 (decimal 273)
   defining Unicode char U+0118 (decimal 280)
   defining Unicode char U+0119 (decimal 281)
   defining Unicode char U+011A (decimal 282)
   defining Unicode char U+011B (decimal 283)
   defining Unicode char U+011E (decimal 286)
   defining Unicode char U+011F (decimal 287)
   defining Unicode char U+0130 (decimal 304)
   defining Unicode char U+0131 (decimal 305)
   defining Unicode char U+0132 (decimal 306)
   defining Unicode char U+0133 (decimal 307)
   defining Unicode char U+0139 (decimal 313)
   defining Unicode char U+013A (decimal 314)
   defining Unicode char U+013D (decimal 317)
   defining Unicode char U+013E (decimal 318)
   defining Unicode char U+0141 (decimal 321)
   defining Unicode char U+0142 (decimal 322)
   defining Unicode char U+0143 (decimal 323)
   defining Unicode char U+0144 (decimal 324)
   defining Unicode char U+0147 (decimal 327)
   defining Unicode char U+0148 (decimal 328)
   defining Unicode char U+014A (decimal 330)
   defining Unicode char U+014B (decimal 331)
   defining Unicode char U+0150 (decimal 336)
   defining Unicode char U+0151 (decimal 337)
   defining Unicode char U+0152 (decimal 338)
   defining Unicode char U+0153 (decimal 339)
   defining Unicode char U+0154 (decimal 340)
   defining Unicode char U+0155 (decimal 341)
   defining Unicode char U+0158 (decimal 344)
   defining Unicode char U+0159 (decimal 345)
   defining Unicode char U+015A (decimal 346)
   defining Unicode char U+015B (decimal 347)
   defining Unicode char U+015E (decimal 350)
   defining Unicode char U+015F (decimal 351)
   defining Unicode char U+0160 (decimal 352)
   defining Unicode char U+0161 (decimal 353)
   defining Unicode char U+0162 (decimal 354)
   defining Unicode char U+0163 (decimal 355)
   defining Unicode char U+0164 (decimal 356)
   defining Unicode char U+0165 (decimal 357)
   defining Unicode char U+016E (decimal 366)
   defining Unicode char U+016F (decimal 367)
   defining Unicode char U+0170 (decimal 368)
   defining Unicode char U+0171 (decimal 369)
   defining Unicode char U+0178 (decimal 376)
   defining Unicode char U+0179 (decimal 377)
   defining Unicode char U+017A (decimal 378)
   defining Unicode char U+017B (decimal 379)
   defining Unicode char U+017C (decimal 380)
   defining Unicode char U+017D (decimal 381)
   defining Unicode char U+017E (decimal 382)
   defining Unicode char U+200C (decimal 8204)
   defining Unicode char U+2013 (decimal 8211)
   defining Unicode char U+2014 (decimal 8212)
   defining Unicode char U+2018 (decimal 8216)
   defining Unicode char U+2019 (decimal 8217)
   defining Unicode char U+201A (decimal 8218)
   defining Unicode char U+201C (decimal 8220)
   defining Unicode char U+201D (decimal 8221)
   defining Unicode char U+201E (decimal 8222)
   defining Unicode char U+2030 (decimal 8240)
   defining Unicode char U+2031 (decimal 8241)
   defining Unicode char U+2039 (decimal 8249)
   defining Unicode char U+203A (decimal 8250)
   defining Unicode char U+2423 (decimal 9251)
)
Now handling font encoding OT1 ...
... processing UTF-8 mapping file for font encoding OT1

("C:\Program Files (x86)\MiKTeX 2.9\tex\latex\base\ot1enc.dfu"
File: ot1enc.dfu 2015/06/27 v1.1n UTF-8 support for inputenc
   defining Unicode char U+00A1 (decimal 161)
   defining Unicode char U+00A3 (decimal 163)
   defining Unicode char U+00B8 (decimal 184)
   defining Unicode char U+00BF (decimal 191)
   defining Unicode char U+00C5 (decimal 197)
   defining Unicode char U+00C6 (decimal 198)
   defining Unicode char U+00D8 (decimal 216)
   defining Unicode char U+00DF (decimal 223)
   defining Unicode char U+00E6 (decimal 230)
   defining Unicode char U+00EC (decimal 236)
   defining Unicode char U+00ED (decimal 237)
   defining Unicode char U+00EE (decimal 238)
   defining Unicode char U+00EF (decimal 239)
   defining Unicode char U+00F8 (decimal 248)
   defining Unicode char U+0131 (decimal 305)
   defining Unicode char U+0141 (decimal 321)
   defining Unicode char U+0142 (decimal 322)
   defining Unicode char U+0152 (decimal 338)
   defining Unicode char U+0153 (decimal 339)
   defining Unicode char U+2013 (decimal 8211)
   defining Unicode char U+2014 (decimal 8212)
   defining Unicode char U+2018 (decimal 8216)
   defining Unicode char U+2019 (decimal 8217)
   defining Unicode char U+201C (decimal 8220)
   defining Unicode char U+201D (decimal 8221)
)
Now handling font encoding OMS ...
... processing UTF-8 mapping file for font encoding OMS

("C:\Program Files (x86)\MiKTeX 2.9\tex\latex\base\omsenc.dfu"
File: omsenc.dfu 2015/06/27 v1.1n UTF-8 support for inputenc
   defining Unicode char U+00A7 (decimal 167)
   defining Unicode char U+00B6 (decimal 182)
   defining Unicode char U+00B7 (decimal 183)
   defining Unicode char U+2020 (decimal 8224)
   defining Unicode char U+2021 (decimal 8225)
   defining Unicode char U+2022 (decimal 8226)
)
Now handling font encoding OMX ...
... no UTF-8 mapping file for font encoding OMX
Now handling font encoding U ...
... no UTF-8 mapping file for font encoding U
   defining Unicode char U+00A9 (decimal 169)
   defining Unicode char U+00AA (decimal 170)
   defining Unicode char U+00AE (decimal 174)
   defining Unicode char U+00BA (decimal 186)
   defining Unicode char U+02C6 (decimal 710)
   defining Unicode char U+02DC (decimal 732)
   defining Unicode char U+200C (decimal 8204)
   defining Unicode char U+2026 (decimal 8230)
   defining Unicode char U+2122 (decimal 8482)
   defining Unicode char U+2423 (decimal 9251)
))
("C:\Program Files (x86)\MiKTeX 2.9\tex\generic\babel\babel.sty"
Package: babel 2015/08/03 3.9m The Babel package

*************************************
* Local config file bblopts.cfg used
*
("C:\Program Files (x86)\MiKTeX 2.9\tex\latex\00miktex\bblopts.cfg"
File: bblopts.cfg 2006/07/31 v1.0 MiKTeX 'babel' configuration
)
("C:\Program Files (x86)\MiKTeX 2.9\tex\latex\babel-french\frenchb.ldf"
Language: frenchb 2015/11/25 v3.1j French support from the babel system

("C:\Program Files (x86)\MiKTeX 2.9\tex\generic\babel\babel.def"
File: babel.def 2015/08/03 3.9m Babel common definitions
\babel@savecnt=\count87
\U@D=\dimen103
)
\l@acadian = a dialect from \language\l@french 
\l@canadien = a dialect from \language\l@french 
\FBcolonskip=\skip44
\FBthinskip=\skip45
\FB@interchartokenstateORI=\count88
Package babel Info: Making : an active character on input line 360.
Package babel Info: Making ; an active character on input line 361.
Package babel Info: Making ! an active character on input line 362.
Package babel Info: Making ? an active character on input line 363.
\FBguillskip=\skip46
\FBguill@level=\count89
\FB@everypar=\toks16
\FB@Mht=\dimen104
\std@mcc=\count90
\dec@mcc=\count91
\listindentFB=\skip47
\labelwidthFB=\skip48
\leftmarginFB=\skip49
\parindentFFN=\dimen105
))
("C:\Program Files (x86)\MiKTeX 2.9\tex\latex\carlisle\scalefnt.sty")
("C:\Program Files (x86)\MiKTeX 2.9\tex\latex\graphics\keyval.sty"
Package: keyval 2014/10/28 v1.15 key=value parser (DPC)
\KV@toks@=\toks17
)
("C:\Program Files (x86)\MiKTeX 2.9\tex\latex\graphics\graphicx.sty"
Package: graphicx 2014/10/28 v1.0g Enhanced LaTeX Graphics (DPC,SPQR)

("C:\Program Files (x86)\MiKTeX 2.9\tex\latex\graphics\graphics.sty"
Package: graphics 2014/10/28 v1.0p Standard LaTeX Graphics (DPC,SPQR)

("C:\Program Files (x86)\MiKTeX 2.9\tex\latex\graphics\trig.sty"
Package: trig 1999/03/16 v1.09 sin cos tan (DPC)
)
("C:\Program Files (x86)\MiKTeX 2.9\tex\latex\00miktex\graphics.cfg"
File: graphics.cfg 2007/01/18 v1.5 graphics configuration of teTeX/TeXLive
)
Package graphics Info: Driver file: pdftex.def on input line 94.

("C:\Program Files (x86)\MiKTeX 2.9\tex\latex\pdftex-def\pdftex.def"
File: pdftex.def 2011/05/27 v0.06d Graphics/color for pdfTeX

("C:\Program Files (x86)\MiKTeX 2.9\tex\generic\oberdiek\infwarerr.sty"
Package: infwarerr 2010/04/08 v1.3 Providing info/warning/error messages (HO)
)
("C:\Program Files (x86)\MiKTeX 2.9\tex\generic\oberdiek\ltxcmds.sty"
Package: ltxcmds 2011/11/09 v1.22 LaTeX kernel commands for general use (HO)
)
\Gread@gobject=\count92
))
\Gin@req@height=\dimen106
\Gin@req@width=\dimen107
)
("C:\Program Files (x86)\MiKTeX 2.9\tex\latex\microtype\microtype.sty"
Package: microtype 2013/05/23 v2.5a Micro-typographical refinements (RS)
\MT@toks=\toks18
\MT@count=\count93
LaTeX Info: Redefining \textls on input line 766.
\MT@outer@kern=\dimen108
LaTeX Info: Redefining \textmicrotypecontext on input line 1285.
\MT@listname@count=\count94

("C:\Program Files (x86)\MiKTeX 2.9\tex\latex\microtype\microtype-pdftex.def"
File: microtype-pdftex.def 2013/05/23 v2.5a Definitions specific to pdftex (RS)

LaTeX Info: Redefining \lsstyle on input line 915.
LaTeX Info: Redefining \lslig on input line 915.
\MT@outer@space=\skip50
)
Package microtype Info: Loading configuration file microtype.cfg.

("C:\Program Files (x86)\MiKTeX 2.9\tex\latex\microtype\microtype.cfg"
File: microtype.cfg 2013/05/23 v2.5a microtype main configuration file (RS)
))
("C:\Program Files (x86)\MiKTeX 2.9\tex\latex\siunits\SIunits.sty"
Package: SIunits 2007/12/02 v1.36 Support for the International System of units
 (MH)


\@qskwidth=\skip51
Now handling font encoding TS1 ...
... processing UTF-8 mapping file for font encoding TS1
("C:\Program Files (x86)\MiKTeX 2.9\tex\latex\base\ts1enc.dfu"
File: ts1enc.dfu 2015/06/27 v1.1n UTF-8 support for inputenc
   defining Unicode char U+00A2 (decimal 162)
   defining Unicode char U+00A3 (decimal 163)
   defining Unicode char U+00A4 (decimal 164)
   defining Unicode char U+00A5 (decimal 165)
   defining Unicode char U+00A6 (decimal 166)
   defining Unicode char U+00A7 (decimal 167)
   defining Unicode char U+00A8 (decimal 168)
   defining Unicode char U+00A9 (decimal 169)
   defining Unicode char U+00AA (decimal 170)
   defining Unicode char U+00AC (decimal 172)
   defining Unicode char U+00AE (decimal 174)
   defining Unicode char U+00AF (decimal 175)
   defining Unicode char U+00B0 (decimal 176)
   defining Unicode char U+00B1 (decimal 177)
   defining Unicode char U+00B2 (decimal 178)
   defining Unicode char U+00B3 (decimal 179)
   defining Unicode char U+00B4 (decimal 180)
   defining Unicode char U+00B5 (decimal 181)
   defining Unicode char U+00B6 (decimal 182)
   defining Unicode char U+00B7 (decimal 183)
   defining Unicode char U+00B9 (decimal 185)
   defining Unicode char U+00BA (decimal 186)
   defining Unicode char U+00BC (decimal 188)
   defining Unicode char U+00BD (decimal 189)
   defining Unicode char U+00BE (decimal 190)
   defining Unicode char U+00D7 (decimal 215)
   defining Unicode char U+00F7 (decimal 247)
   defining Unicode char U+0192 (decimal 402)
   defining Unicode char U+02C7 (decimal 711)
   defining Unicode char U+02D8 (decimal 728)
   defining Unicode char U+02DD (decimal 733)
   defining Unicode char U+0E3F (decimal 3647)
   defining Unicode char U+2016 (decimal 8214)
   defining Unicode char U+2020 (decimal 8224)
   defining Unicode char U+2021 (decimal 8225)
   defining Unicode char U+2022 (decimal 8226)
   defining Unicode char U+2030 (decimal 8240)
   defining Unicode char U+2031 (decimal 8241)
   defining Unicode char U+203B (decimal 8251)
   defining Unicode char U+203D (decimal 8253)
   defining Unicode char U+2044 (decimal 8260)
   defining Unicode char U+204E (decimal 8270)
   defining Unicode char U+2052 (decimal 8274)
   defining Unicode char U+20A1 (decimal 8353)
   defining Unicode char U+20A4 (decimal 8356)
   defining Unicode char U+20A6 (decimal 8358)
   defining Unicode char U+20A9 (decimal 8361)
   defining Unicode char U+20AB (decimal 8363)
   defining Unicode char U+20AC (decimal 8364)
   defining Unicode char U+20B1 (decimal 8369)
   defining Unicode char U+2103 (decimal 8451)
   defining Unicode char U+2116 (decimal 8470)
   defining Unicode char U+2117 (decimal 8471)
   defining Unicode char U+211E (decimal 8478)
   defining Unicode char U+2120 (decimal 8480)
   defining Unicode char U+2122 (decimal 8482)
   defining Unicode char U+2126 (decimal 8486)
   defining Unicode char U+2127 (decimal 8487)
   defining Unicode char U+212E (decimal 8494)
   defining Unicode char U+2190 (decimal 8592)
   defining Unicode char U+2191 (decimal 8593)
   defining Unicode char U+2192 (decimal 8594)
   defining Unicode char U+2193 (decimal 8595)
   defining Unicode char U+2329 (decimal 9001)
   defining Unicode char U+232A (decimal 9002)
   defining Unicode char U+2422 (decimal 9250)
   defining Unicode char U+25E6 (decimal 9702)
   defining Unicode char U+25EF (decimal 9711)
   defining Unicode char U+266A (decimal 9834)
)
\symgreek=\mathgroup4

("C:\Program Files (x86)\MiKTeX 2.9\tex\latex\amsmath\amstext.sty"
Package: amstext 2000/06/29 v2.01

("C:\Program Files (x86)\MiKTeX 2.9\tex\latex\amsmath\amsgen.sty"
File: amsgen.sty 1999/11/30 v2.0
\@emptytoks=\toks19
\ex@=\dimen109
))
("C:\Program Files (x86)\MiKTeX 2.9\tex\latex\siunits\SIunits.cfg"))
("C:\Program Files (x86)\MiKTeX 2.9\tex\latex\psnfss\palatino.sty"
Package: palatino 2005/04/12 PSNFSS-v9.2a (SPQR) 
)
("C:\Program Files (x86)\MiKTeX 2.9\tex\latex\xcolor\xcolor.sty"
Package: xcolor 2007/01/21 v2.11 LaTeX color extensions (UK)

("C:\Program Files (x86)\MiKTeX 2.9\tex\latex\00miktex\color.cfg"
File: color.cfg 2007/01/18 v1.5 color configuration of teTeX/TeXLive
)
Package xcolor Info: Driver file: pdftex.def on input line 225.
Package xcolor Info: Model `cmy' substituted by `cmy0' on input line 1337.
Package xcolor Info: Model `hsb' substituted by `rgb' on input line 1341.
Package xcolor Info: Model `RGB' extended on input line 1353.
Package xcolor Info: Model `HTML' substituted by `rgb' on input line 1355.
Package xcolor Info: Model `Hsb' substituted by `hsb' on input line 1356.
Package xcolor Info: Model `tHsb' substituted by `hsb' on input line 1357.
Package xcolor Info: Model `HSB' substituted by `hsb' on input line 1358.
Package xcolor Info: Model `Gray' substituted by `gray' on input line 1359.
Package xcolor Info: Model `wave' substituted by `hsb' on input line 1360.
)
("C:\Program Files (x86)\MiKTeX 2.9\tex\latex\oberdiek\transparent.sty"
Package: transparent 2007/01/08 v1.0 Transparency via pdfTeX's color stack (HO)


("C:\Program Files (x86)\MiKTeX 2.9\tex\generic\oberdiek\ifpdf.sty"
Package: ifpdf 2011/01/30 v2.3 Provides the ifpdf switch (HO)
Package ifpdf Info: pdfTeX in PDF mode is detected.
)
("C:\Program Files (x86)\MiKTeX 2.9\tex\latex\oberdiek\auxhook.sty"
Package: auxhook 2011/03/04 v1.3 Hooks for auxiliary files (HO)
))
("C:\Program Files (x86)\MiKTeX 2.9\tex\latex\caption\caption.sty"
Package: caption 2015/09/17 v3.3-111 Customizing captions (AR)

("C:\Program Files (x86)\MiKTeX 2.9\tex\latex\caption\caption3.sty"
Package: caption3 2015/09/20 v1.7-115 caption3 kernel (AR)
Package caption3 Info: TeX engine: e-TeX on input line 57.
\captionmargin=\dimen110
\captionmargin@=\dimen111
\captionwidth=\dimen112
\caption@tempdima=\dimen113
\caption@indent=\dimen114
\caption@parindent=\dimen115
\caption@hangindent=\dimen116
)
\c@ContinuedFloat=\count95
)
("C:\Program Files (x86)\MiKTeX 2.9\tex\latex\tools\array.sty"
Package: array 2014/10/28 v2.4c Tabular extension package (FMi)
\col@sep=\dimen117
\extrarowheight=\dimen118
\NC@list=\toks20
\extratabsurround=\skip52
\backup@length=\skip53
)
("C:\Program Files (x86)\MiKTeX 2.9\tex\latex\tools\multicol.sty"
Package: multicol 2015/03/31 v1.8m multicolumn formatting (FMi)
\c@tracingmulticols=\count96
\mult@box=\box26
\multicol@leftmargin=\dimen119
\c@unbalance=\count97
\c@collectmore=\count98
\doublecol@number=\count99
\multicoltolerance=\count100
\multicolpretolerance=\count101
\full@width=\dimen120
\page@free=\dimen121
\premulticols=\dimen122
\postmulticols=\dimen123
\multicolsep=\skip54
\multicolbaselineskip=\skip55
\partial@page=\box27
\last@line=\box28
\maxbalancingoverflow=\dimen124
\mult@rightbox=\box29
\mult@grightbox=\box30
\mult@gfirstbox=\box31
\mult@firstbox=\box32
\@tempa=\box33
\@tempa=\box34
\@tempa=\box35
\@tempa=\box36
\@tempa=\box37
\@tempa=\box38
\@tempa=\box39
\@tempa=\box40
\@tempa=\box41
\@tempa=\box42
\@tempa=\box43
\@tempa=\box44
\@tempa=\box45
\@tempa=\box46
\@tempa=\box47
\@tempa=\box48
\@tempa=\box49
\c@columnbadness=\count102
\c@finalcolumnbadness=\count103
\last@try=\dimen125
\multicolovershoot=\dimen126
\multicolundershoot=\dimen127
\mult@nat@firstbox=\box50
\colbreak@box=\box51
\mc@col@check@num=\count104
)
("C:\Program Files (x86)\MiKTeX 2.9\tex\latex\colortbl\colortbl.sty"
Package: colortbl 2012/02/13 v1.0a Color table columns (DPC)
\everycr=\toks21
\minrowclearance=\skip56
)
("C:\Program Files (x86)\MiKTeX 2.9\tex\latex\float\float.sty"
Package: float 2001/11/08 v1.3d Float enhancements (AL)
\c@float@type=\count105
\float@exts=\toks22
\float@box=\box52
\@float@everytoks=\toks23
\@floatcapt=\box53
) (slashbox.sty
slashbox style by K.Yasuoka, May 1993.
\@slashboxa=\box54
\@slashboxb=\box55
\@slashboxc=\box56
\@slashboxwd=\count106
\@slashboxht=\count107
\@slashsepl=\dimen128
\@slashsepr=\dimen129
) ("C:\Program Files (x86)\MiKTeX 2.9\tex\latex\base\textcomp.sty"
Package: textcomp 2005/09/27 v1.99g Standard LaTeX package
Package textcomp Info: Sub-encoding information:
(textcomp)               5 = only ISO-Adobe without \textcurrency
(textcomp)               4 = 5 + \texteuro
(textcomp)               3 = 4 + \textohm
(textcomp)               2 = 3 + \textestimated + \textcurrency
(textcomp)               1 = TS1 - \textcircled - \t
(textcomp)               0 = TS1 (full)
(textcomp)             Font families with sub-encoding setting implement
(textcomp)             only a restricted character set as indicated.
(textcomp)             Family '?' is the default used for unknown fonts.
(textcomp)             See the documentation for details.
Package textcomp Info: Setting ? sub-encoding to TS1/1 on input line 79.

("C:\Program Files (x86)\MiKTeX 2.9\tex\latex\base\ts1enc.def"
File: ts1enc.def 2001/06/05 v3.0e (jk/car/fm) Standard LaTeX file
LaTeX Font Info:    Redeclaring font encoding TS1 on input line 47.
)
LaTeX Info: Redefining \oldstylenums on input line 334.
Package textcomp Info: Setting cmr sub-encoding to TS1/0 on input line 349.
Package textcomp Info: Setting cmss sub-encoding to TS1/0 on input line 350.
Package textcomp Info: Setting cmtt sub-encoding to TS1/0 on input line 351.
Package textcomp Info: Setting cmvtt sub-encoding to TS1/0 on input line 352.
Package textcomp Info: Setting cmbr sub-encoding to TS1/0 on input line 353.
Package textcomp Info: Setting cmtl sub-encoding to TS1/0 on input line 354.
Package textcomp Info: Setting ccr sub-encoding to TS1/0 on input line 355.
Package textcomp Info: Setting ptm sub-encoding to TS1/4 on input line 356.
Package textcomp Info: Setting pcr sub-encoding to TS1/4 on input line 357.
Package textcomp Info: Setting phv sub-encoding to TS1/4 on input line 358.
Package textcomp Info: Setting ppl sub-encoding to TS1/3 on input line 359.
Package textcomp Info: Setting pag sub-encoding to TS1/4 on input line 360.
Package textcomp Info: Setting pbk sub-encoding to TS1/4 on input line 361.
Package textcomp Info: Setting pnc sub-encoding to TS1/4 on input line 362.
Package textcomp Info: Setting pzc sub-encoding to TS1/4 on input line 363.
Package textcomp Info: Setting bch sub-encoding to TS1/4 on input line 364.
Package textcomp Info: Setting put sub-encoding to TS1/5 on input line 365.
Package textcomp Info: Setting uag sub-encoding to TS1/5 on input line 366.
Package textcomp Info: Setting ugq sub-encoding to TS1/5 on input line 367.
Package textcomp Info: Setting ul8 sub-encoding to TS1/4 on input line 368.
Package textcomp Info: Setting ul9 sub-encoding to TS1/4 on input line 369.
Package textcomp Info: Setting augie sub-encoding to TS1/5 on input line 370.
Package textcomp Info: Setting dayrom sub-encoding to TS1/3 on input line 371.
Package textcomp Info: Setting dayroms sub-encoding to TS1/3 on input line 372.

Package textcomp Info: Setting pxr sub-encoding to TS1/0 on input line 373.
Package textcomp Info: Setting pxss sub-encoding to TS1/0 on input line 374.
Package textcomp Info: Setting pxtt sub-encoding to TS1/0 on input line 375.
Package textcomp Info: Setting txr sub-encoding to TS1/0 on input line 376.
Package textcomp Info: Setting txss sub-encoding to TS1/0 on input line 377.
Package textcomp Info: Setting txtt sub-encoding to TS1/0 on input line 378.
Package textcomp Info: Setting lmr sub-encoding to TS1/0 on input line 379.
Package textcomp Info: Setting lmdh sub-encoding to TS1/0 on input line 380.
Package textcomp Info: Setting lmss sub-encoding to TS1/0 on input line 381.
Package textcomp Info: Setting lmssq sub-encoding to TS1/0 on input line 382.
Package textcomp Info: Setting lmvtt sub-encoding to TS1/0 on input line 383.
Package textcomp Info: Setting lmtt sub-encoding to TS1/0 on input line 384.
Package textcomp Info: Setting qhv sub-encoding to TS1/0 on input line 385.
Package textcomp Info: Setting qag sub-encoding to TS1/0 on input line 386.
Package textcomp Info: Setting qbk sub-encoding to TS1/0 on input line 387.
Package textcomp Info: Setting qcr sub-encoding to TS1/0 on input line 388.
Package textcomp Info: Setting qcs sub-encoding to TS1/0 on input line 389.
Package textcomp Info: Setting qpl sub-encoding to TS1/0 on input line 390.
Package textcomp Info: Setting qtm sub-encoding to TS1/0 on input line 391.
Package textcomp Info: Setting qzc sub-encoding to TS1/0 on input line 392.
Package textcomp Info: Setting qhvc sub-encoding to TS1/0 on input line 393.
Package textcomp Info: Setting futs sub-encoding to TS1/4 on input line 394.
Package textcomp Info: Setting futx sub-encoding to TS1/4 on input line 395.
Package textcomp Info: Setting futj sub-encoding to TS1/4 on input line 396.
Package textcomp Info: Setting hlh sub-encoding to TS1/3 on input line 397.
Package textcomp Info: Setting hls sub-encoding to TS1/3 on input line 398.
Package textcomp Info: Setting hlst sub-encoding to TS1/3 on input line 399.
Package textcomp Info: Setting hlct sub-encoding to TS1/5 on input line 400.
Package textcomp Info: Setting hlx sub-encoding to TS1/5 on input line 401.
Package textcomp Info: Setting hlce sub-encoding to TS1/5 on input line 402.
Package textcomp Info: Setting hlcn sub-encoding to TS1/5 on input line 403.
Package textcomp Info: Setting hlcw sub-encoding to TS1/5 on input line 404.
Package textcomp Info: Setting hlcf sub-encoding to TS1/5 on input line 405.
Package textcomp Info: Setting pplx sub-encoding to TS1/3 on input line 406.
Package textcomp Info: Setting pplj sub-encoding to TS1/3 on input line 407.
Package textcomp Info: Setting ptmx sub-encoding to TS1/4 on input line 408.
Package textcomp Info: Setting ptmj sub-encoding to TS1/4 on input line 409.
)
("C:\Program Files (x86)\MiKTeX 2.9\tex\latex\titlesec\titlesec.sty"
Package: titlesec 2011/12/15 v2.10.0 Sectioning titles
\ttl@box=\box57
\beforetitleunit=\skip57
\aftertitleunit=\skip58
\ttl@plus=\dimen130
\ttl@minus=\dimen131
\ttl@toksa=\toks24
\titlewidth=\dimen132
\titlewidthlast=\dimen133
\titlewidthfirst=\dimen134
)
("C:\Program Files (x86)\MiKTeX 2.9\tex\latex\tools\xspace.sty"
Package: xspace 2014/10/28 v1.13 Space after command names (DPC,MH)
)
("C:\Program Files (x86)\MiKTeX 2.9\tex\latex\enumitem\enumitem.sty"
Package: enumitem 2011/09/28 v3.5.2 Customized lists
\labelindent=\skip59
\enit@outerparindent=\dimen135
\enit@toks=\toks25
\enit@inbox=\box58
\enitdp@description=\count108
)
("C:\Program Files (x86)\MiKTeX 2.9\tex\latex\hyperref\hyperref.sty"
Package: hyperref 2012/11/06 v6.83m Hypertext links for LaTeX

("C:\Program Files (x86)\MiKTeX 2.9\tex\generic\oberdiek\hobsub-hyperref.sty"
Package: hobsub-hyperref 2012/04/25 v1.12 Bundle oberdiek, subset hyperref (HO)


("C:\Program Files (x86)\MiKTeX 2.9\tex\generic\oberdiek\hobsub-generic.sty"
Package: hobsub-generic 2012/04/25 v1.12 Bundle oberdiek, subset generic (HO)
Package: hobsub 2012/04/25 v1.12 Construct package bundles (HO)
Package hobsub Info: Skipping package `infwarerr' (already loaded).
Package hobsub Info: Skipping package `ltxcmds' (already loaded).
Package: ifluatex 2010/03/01 v1.3 Provides the ifluatex switch (HO)
Package ifluatex Info: LuaTeX not detected.
Package: ifvtex 2010/03/01 v1.5 Detect VTeX and its facilities (HO)
Package ifvtex Info: VTeX not detected.
Package: intcalc 2007/09/27 v1.1 Expandable calculations with integers (HO)
Package hobsub Info: Skipping package `ifpdf' (already loaded).
Package: etexcmds 2011/02/16 v1.5 Avoid name clashes with e-TeX commands (HO)
Package etexcmds Info: Could not find \expanded.
(etexcmds)             That can mean that you are not using pdfTeX 1.50 or
(etexcmds)             that some package has redefined \expanded.
(etexcmds)             In the latter case, load this package earlier.
Package: kvsetkeys 2012/04/25 v1.16 Key value parser (HO)
Package: kvdefinekeys 2011/04/07 v1.3 Define keys (HO)
Package: pdftexcmds 2011/11/29 v0.20 Utility functions of pdfTeX for LuaTeX (HO
)
Package pdftexcmds Info: LuaTeX not detected.
Package pdftexcmds Info: \pdf@primitive is available.
Package pdftexcmds Info: \pdf@ifprimitive is available.
Package pdftexcmds Info: \pdfdraftmode found.
Package: pdfescape 2011/11/25 v1.13 Implements pdfTeX's escape features (HO)
Package: bigintcalc 2012/04/08 v1.3 Expandable calculations on big integers (HO
)
Package: bitset 2011/01/30 v1.1 Handle bit-vector datatype (HO)
Package: uniquecounter 2011/01/30 v1.2 Provide unlimited unique counter (HO)
)
Package hobsub Info: Skipping package `hobsub' (already loaded).
Package: letltxmacro 2010/09/02 v1.4 Let assignment for LaTeX macros (HO)
Package: hopatch 2011/06/24 v1.1 Wrapper for package hooks (HO)
Package: xcolor-patch 2011/01/30 xcolor patch
Package: atveryend 2011/06/30 v1.8 Hooks at the very end of document (HO)
Package atveryend Info: \enddocument detected (standard20110627).
Package: atbegshi 2011/10/05 v1.16 At begin shipout hook (HO)
Package: refcount 2011/10/16 v3.4 Data extraction from label references (HO)
Package: hycolor 2011/01/30 v1.7 Color options for hyperref/bookmark (HO)
)
("C:\Program Files (x86)\MiKTeX 2.9\tex\generic\ifxetex\ifxetex.sty"
Package: ifxetex 2010/09/12 v0.6 Provides ifxetex conditional
)
("C:\Program Files (x86)\MiKTeX 2.9\tex\latex\oberdiek\kvoptions.sty"
Package: kvoptions 2011/06/30 v3.11 Key value format for package options (HO)
)
\@linkdim=\dimen136
\Hy@linkcounter=\count109
\Hy@pagecounter=\count110

("C:\Program Files (x86)\MiKTeX 2.9\tex\latex\hyperref\pd1enc.def"
File: pd1enc.def 2012/11/06 v6.83m Hyperref: PDFDocEncoding definition (HO)
Now handling font encoding PD1 ...
... no UTF-8 mapping file for font encoding PD1
)
\Hy@SavedSpaceFactor=\count111

("C:\Program Files (x86)\MiKTeX 2.9\tex\latex\00miktex\hyperref.cfg"
File: hyperref.cfg 2002/06/06 v1.2 hyperref configuration of TeXLive
)
Package hyperref Info: Option `colorlinks' set `true' on input line 4319.
Package hyperref Info: Hyper figures OFF on input line 4443.
Package hyperref Info: Link nesting OFF on input line 4448.
Package hyperref Info: Hyper index ON on input line 4451.
Package hyperref Info: Plain pages OFF on input line 4458.
Package hyperref Info: Backreferencing OFF on input line 4463.
Package hyperref Info: Implicit mode ON; LaTeX internals redefined.
Package hyperref Info: Bookmarks ON on input line 4688.
\c@Hy@tempcnt=\count112

("C:\Program Files (x86)\MiKTeX 2.9\tex\latex\url\url.sty"
\Urlmuskip=\muskip10
Package: url 2013/09/16  ver 3.4  Verb mode for urls, etc.
)
LaTeX Info: Redefining \url on input line 5041.
\XeTeXLinkMargin=\dimen137
\Fld@menulength=\count113
\Field@Width=\dimen138
\Fld@charsize=\dimen139
Package hyperref Info: Hyper figures OFF on input line 6295.
Package hyperref Info: Link nesting OFF on input line 6300.
Package hyperref Info: Hyper index ON on input line 6303.
Package hyperref Info: backreferencing OFF on input line 6310.
Package hyperref Info: Link coloring ON on input line 6313.
Package hyperref Info: Link coloring with OCG OFF on input line 6320.
Package hyperref Info: PDF/A mode OFF on input line 6325.
LaTeX Info: Redefining \ref on input line 6365.
LaTeX Info: Redefining \pageref on input line 6369.
\Hy@abspage=\count114
\c@Item=\count115
\c@Hfootnote=\count116
)

Package hyperref Message: Driver (autodetected): hpdftex.

("C:\Program Files (x86)\MiKTeX 2.9\tex\latex\hyperref\hpdftex.def"
File: hpdftex.def 2012/11/06 v6.83m Hyperref driver for pdfTeX
\Fld@listcount=\count117
\c@bookmark@seq@number=\count118

("C:\Program Files (x86)\MiKTeX 2.9\tex\latex\oberdiek\rerunfilecheck.sty"
Package: rerunfilecheck 2011/04/15 v1.7 Rerun checks for auxiliary files (HO)
Package uniquecounter Info: New unique counter `rerunfilecheck' on input line 2
82.
)
\Hy@SectionHShift=\skip60
)
("C:\Program Files (x86)\MiKTeX 2.9\tex\latex\titlesec\block.tss"
File: block.tss 2011/12/15
)
("C:\Program Files (x86)\MiKTeX 2.9\tex\latex\tocloft\tocloft.sty"
Package: tocloft 2013/05/02 v2.3f parameterised ToC, etc., typesetting
Package tocloft Info: The document has section divisions on input line 44.
\cftparskip=\skip61
\cftbeforetoctitleskip=\skip62
\cftaftertoctitleskip=\skip63
\cftbeforepartskip=\skip64
\cftpartnumwidth=\skip65
\cftpartindent=\skip66
\cftbeforesecskip=\skip67
\cftsecindent=\skip68
\cftsecnumwidth=\skip69
\cftbeforesubsecskip=\skip70
\cftsubsecindent=\skip71
\cftsubsecnumwidth=\skip72
\cftbeforesubsubsecskip=\skip73
\cftsubsubsecindent=\skip74
\cftsubsubsecnumwidth=\skip75
\cftbeforeparaskip=\skip76
\cftparaindent=\skip77
\cftparanumwidth=\skip78
\cftbeforesubparaskip=\skip79
\cftsubparaindent=\skip80
\cftsubparanumwidth=\skip81
\cftbeforeloftitleskip=\skip82
\cftafterloftitleskip=\skip83
\cftbeforefigskip=\skip84
\cftfigindent=\skip85
\cftfignumwidth=\skip86
\c@lofdepth=\count119
\c@lotdepth=\count120
\cftbeforelottitleskip=\skip87
\cftafterlottitleskip=\skip88
\cftbeforetabskip=\skip89
\cfttabindent=\skip90
\cfttabnumwidth=\skip91
)
("C:\Program Files (x86)\MiKTeX 2.9\tex\latex\ms\multitoc.sty"
Package: multitoc 1999/06/08 v2.01 MultiToc Package (MS)

("C:\Program Files (x86)\MiKTeX 2.9\tex\latex\base\ifthen.sty"
Package: ifthen 2014/09/29 v1.1c Standard LaTeX ifthen package (DPC)
))
(the-ninth-age_Rules_0-99-5_FR0.aux)
LaTeX Font Info:    Checking defaults for OML/cmm/m/it on input line 76.
LaTeX Font Info:    ... okay on input line 76.
LaTeX Font Info:    Checking defaults for T1/cmr/m/n on input line 76.
LaTeX Font Info:    ... okay on input line 76.
LaTeX Font Info:    Checking defaults for OT1/cmr/m/n on input line 76.
LaTeX Font Info:    ... okay on input line 76.
LaTeX Font Info:    Checking defaults for OMS/cmsy/m/n on input line 76.
LaTeX Font Info:    ... okay on input line 76.
LaTeX Font Info:    Checking defaults for OMX/cmex/m/n on input line 76.
LaTeX Font Info:    ... okay on input line 76.
LaTeX Font Info:    Checking defaults for U/cmr/m/n on input line 76.
LaTeX Font Info:    ... okay on input line 76.
LaTeX Font Info:    Checking defaults for TS1/cmr/m/n on input line 76.
LaTeX Font Info:    Try loading font information for TS1+cmr on input line 76.

("C:\Program Files (x86)\MiKTeX 2.9\tex\latex\base\ts1cmr.fd"
File: ts1cmr.fd 2014/09/29 v2.5h Standard LaTeX font definitions
)
LaTeX Font Info:    ... okay on input line 76.
LaTeX Font Info:    Checking defaults for PD1/pdf/m/n on input line 76.
LaTeX Font Info:    ... okay on input line 76.
LaTeX Font Info:    Try loading font information for T1+ppl on input line 76.

("C:\Program Files (x86)\MiKTeX 2.9\tex\latex\psnfss\t1ppl.fd"
File: t1ppl.fd 2001/06/04 font definitions for T1/ppl.
)
LaTeX Info: Redefining \degres on input line 76.
LaTeX Info: Redefining \dots on input line 76.
LaTeX Info: Redefining \up on input line 76.

("C:\Program Files (x86)\MiKTeX 2.9\tex\context\base\supp-pdf.mkii"
[Loading MPS to PDF converter (version 2006.09.02).]
\scratchcounter=\count121
\scratchdimen=\dimen140
\scratchbox=\box59
\nofMPsegments=\count122
\nofMParguments=\count123
\everyMPshowfont=\toks26
\MPscratchCnt=\count124
\MPscratchDim=\dimen141
\MPnumerator=\count125
\makeMPintoPDFobject=\count126
\everyMPtoPDFconversion=\toks27
)
LaTeX Info: Redefining \microtypecontext on input line 76.
Package microtype Info: Generating PDF output.
Package microtype Info: Character protrusion enabled (level 2).
Package microtype Info: Using default protrusion set `alltext'.
Package microtype Info: Automatic font expansion enabled (level 2),
(microtype)             stretch: 20, shrink: 20, step: 1, non-selected.
Package microtype Info: Using default expansion set `basictext'.
Package microtype Info: No adjustment of tracking.
Package microtype Info: No adjustment of interword spacing.
Package microtype Info: No adjustment of character kerning.
 ("C:\Program Files (x86)\MiKTeX 2.9\tex\latex\microtype\mt-ppl.cfg"
File: mt-ppl.cfg 2005/11/16 v1.6 microtype config. file: Palatino (RS)
)
Package caption Info: Begin \AtBeginDocument code.
Package caption Info: float package is loaded.
Package caption Info: hyperref package is loaded.
Package caption Info: End \AtBeginDocument code.
\AtBeginShipoutBox=\box60
Package hyperref Info: Link coloring ON on input line 76.

("C:\Program Files (x86)\MiKTeX 2.9\tex\latex\hyperref\nameref.sty"
Package: nameref 2012/10/27 v2.43 Cross-referencing by name of section

("C:\Program Files (x86)\MiKTeX 2.9\tex\generic\oberdiek\gettitlestring.sty"
Package: gettitlestring 2010/12/03 v1.4 Cleanup title references (HO)
)
\c@section@level=\count127
)
LaTeX Info: Redefining \ref on input line 76.
LaTeX Info: Redefining \pageref on input line 76.
LaTeX Info: Redefining \nameref on input line 76.

(the-ninth-age_Rules_0-99-5_FR0.out) (the-ninth-age_Rules_0-99-5_FR0.out)
\@outlinefile=\write3

(titlepage_Rules.tex
LaTeX Font Info:    Try loading font information for T1+pzc on input line 9.

("C:\Program Files (x86)\MiKTeX 2.9\tex\latex\psnfss\t1pzc.fd"
File: t1pzc.fd 2001/06/04 font definitions for T1/pzc.
)
LaTeX Font Info:    Font shape `T1/pzc/m/n' in size <50> not available
(Font)              Font shape `T1/pzc/mb/it' tried instead on input line 9.
Package microtype Info: Loading generic settings for font family
(microtype)             `pzc' (encoding: T1).
(microtype)             For optimal results, create family-specific settings.
(microtype)             See the microtype manual for details.
LaTeX Font Info:    Font shape `T1/pzc/m/n' in size <32.4997> not available
(Font)              Font shape `T1/pzc/mb/it' tried instead on input line 9.
LaTeX Font Info:    Try loading font information for T1+pcr on input line 13.

("C:\Program Files (x86)\MiKTeX 2.9\tex\latex\psnfss\t1pcr.fd"
File: t1pcr.fd 2001/06/04 font definitions for T1/pcr.
)
Package microtype Info: Loading generic settings for font family
(microtype)             `pcr' (encoding: T1).
(microtype)             For optimal results, create family-specific settings.
(microtype)             See the microtype manual for details.

<logo_9th.png, id=403, 568.1225pt x 903.375pt>
File: logo_9th.png Graphic file (type png)
 <use logo_9th.png>
Package pdftex.def Info: logo_9th.png used on input line 18.
(pdftex.def)             Requested size: 256.0748pt x 407.20421pt.
 [1

{C:/Users/Gégé/AppData/Local/MiKTeX/2.9/pdftex/config/pdftex.map} <./logo_9th
.png>]
LaTeX Font Info:    Font shape `T1/ppl/bx/n' in size <17.28> not available
(Font)              Font shape `T1/ppl/b/n' tried instead on input line 32.

("C:\Program Files (x86)\MiKTeX 2.9\tex\latex\microtype\mt-cmr.cfg"
File: mt-cmr.cfg 2013/05/19 v2.2 microtype config. file: Computer Modern Roman 
(RS)
)
LaTeX Font Info:    External font `cmex10' loaded for size
(Font)              <12> on input line 39.
LaTeX Font Info:    External font `cmex10' loaded for size
(Font)              <8> on input line 39.
LaTeX Font Info:    External font `cmex10' loaded for size
(Font)              <6> on input line 39.

("C:\Program Files (x86)\MiKTeX 2.9\tex\latex\microtype\mt-eur.cfg"
File: mt-eur.cfg 2006/07/31 v1.1 microtype config. file: AMS Euler Roman (RS)
)
LaTeX Font Info:    Try loading font information for TS1+ppl on input line 50.

("C:\Program Files (x86)\MiKTeX 2.9\tex\latex\psnfss\ts1ppl.fd"
File: ts1ppl.fd 2001/06/04 font definitions for TS1/ppl.
)
LaTeX Font Info:    External font `cmex10' loaded for size
(Font)              <17.28> on input line 66.
LaTeX Font Info:    Font shape `T1/ppl/bx/n' in size <12> not available
(Font)              Font shape `T1/ppl/b/n' tried instead on input line 66.
 [2])
LaTeX Font Info:    Font shape `T1/ppl/bx/n' in size <14.4> not available
(Font)              Font shape `T1/ppl/b/n' tried instead on input line 84.

(the-ninth-age_Rules_0-99-5_FR0.toc
LaTeX Font Info:    Font shape `T1/ppl/bx/n' in size <9> not available
(Font)              Font shape `T1/ppl/b/n' tried instead on input line 2.
LaTeX Font Info:    Font shape `T1/ppl/bx/n' in size <10.95> not available
(Font)              Font shape `T1/ppl/b/n' tried instead on input line 3.
LaTeX Font Info:    External font `cmex10' loaded for size
(Font)              <10.95> on input line 3.
)
\tf@toc=\write4
pdfTeX warning (ext4): destination with the same identifier (name{page.1}) has 
been already used, duplicate ignored
<to be read again> 
                   \relax 
l.87 \newpage
              [1] (BRB_introduction.tex
LaTeX Font Info:    Font shape `T1/ppl/bx/n' in size <9.3599> not available
(Font)              Font shape `T1/ppl/b/n' tried instead on input line 7.
pdfTeX warning (ext4): destination with the same identifier (name{page.2}) has 
been already used, duplicate ignored
<to be read again> 
                   \relax 
l.24 \newpage
              [2]) [3] (BRB_models_and_units.tex [4] (arcs.pdf_tex
<arcs.pdf, id=559, page=1, 793.69742pt x 456.31602pt>
File: arcs.pdf Graphic file (type pdf)
 <use arcs.pdf, page 1>
Package pdftex.def Info: arcs.pdf, page1 used on input line 52.
(pdftex.def)             Requested size: 341.43306pt x 196.29561pt.
))
[5 <./arcs.pdf>] (BRB_general_principles.tex [6]
<de_deviation.png, id=626, 924.45375pt x 1231.60126pt>
File: de_deviation.png Graphic file (type png)
 <use de_deviation.png>
Package pdftex.def Info: de_deviation.png used on input line 60.
(pdftex.def)             Requested size: 113.81102pt x 151.61948pt.

[7 <./de_deviation.png>] <gabarits_1.png, id=634, 813.79031pt x 378.66469pt>
File: gabarits_1.png Graphic file (type png)

<use gabarits_1.png>
Package pdftex.def Info: gabarits_1.png used on input line 83.
(pdftex.def)             Requested size: 483.69684pt x 225.0685pt.

Overfull \hbox (47.72894pt too wide) in paragraph at lines 83--84
[][] 
 []

[8] <gabarits_2.png, id=642, 458.46281pt x 345.54094pt>
File: gabarits_2.png Graphic file (type png)
 <use gabarits_2.png>
Package pdftex.def Info: gabarits_2.png used on input line 99.
(pdftex.def)             Requested size: 256.0748pt x 193.01125pt.
)
[9 <./gabarits_1.png> <./gabarits_2.png>] (BRB_battlefield_logistics.tex
[10]) [11] (BRB_characteristics.tex [12] [13]) [14] (BRB_setting_up_a_game.tex
[15] [16] [17]) [18] (BRB_pre_game_sequence.tex [19]
<deploiement.png, id=711, 2368.34813pt x 577.40718pt>
File: deploiement.png Graphic file (type png)
 <use deploiement.png>
Package pdftex.def Info: deploiement.png used on input line 75.
(pdftex.def)             Requested size: 398.33858pt x 97.10947pt.

[20] [21 <./deploiement.png>]) [22] (BRB_deployment.tex [23]) [24]
(BRB_movement_phase.tex [25] [26] [27] (charge.pdf_tex
<charge.pdf, id=762, page=1, 1989.00218pt x 860.79503pt>
File: charge.pdf Graphic file (type pdf)

<use charge.pdf, page 1>
Package pdftex.def Info: charge.pdf, page1 used on input line 52.
(pdftex.def)             Requested size: 452.9679pt x 196.03476pt.
LaTeX Font Info:    External font `cmex10' loaded for size
(Font)              <7> on input line 56.
) (charge_alignement.pdf_tex
<charge_alignement.pdf, id=763, page=1, 2627.16002pt x 1780.41835pt>
File: charge_alignement.pdf Graphic file (type pdf)

<use charge_alignement.pdf, page 1>
Package pdftex.def Info: charge_alignement.pdf, page1 used on input line 52.
(pdftex.def)             Requested size: 452.9679pt x 306.95949pt.

<charge_alignement.pdf, id=764, page=2, 2627.16002pt x 1780.41835pt>
File: charge_alignement.pdf Graphic file (type pdf)

<use charge_alignement.pdf, page 2>
Package pdftex.def Info: charge_alignement.pdf, page2 used on input line 54.
(pdftex.def)             Requested size: 452.9679pt x 306.95949pt.

<charge_alignement.pdf, id=765, page=3, 2627.16002pt x 1780.41835pt>
File: charge_alignement.pdf Graphic file (type pdf)

<use charge_alignement.pdf, page 3>
Package pdftex.def Info: charge_alignement.pdf, page3 used on input line 57.
(pdftex.def)             Requested size: 452.9679pt x 306.95949pt.

<charge_alignement.pdf, id=766, page=4, 2627.16002pt x 1780.41835pt>
File: charge_alignement.pdf Graphic file (type pdf)

<use charge_alignement.pdf, page 4>
Package pdftex.def Info: charge_alignement.pdf, page4 used on input line 59.
(pdftex.def)             Requested size: 452.9679pt x 306.95949pt.

<charge_alignement.pdf, id=767, page=5, 2627.16002pt x 1780.41835pt>
File: charge_alignement.pdf Graphic file (type pdf)

<use charge_alignement.pdf, page 5>
Package pdftex.def Info: charge_alignement.pdf, page5 used on input line 61.
(pdftex.def)             Requested size: 452.9679pt x 306.95949pt.

<charge_alignement.pdf, id=768, page=6, 2627.16002pt x 1780.41835pt>
File: charge_alignement.pdf Graphic file (type pdf)

<use charge_alignement.pdf, page 6>
Package pdftex.def Info: charge_alignement.pdf, page6 used on input line 63.
(pdftex.def)             Requested size: 452.9679pt x 306.95949pt.

<charge_alignement.pdf, id=769, page=7, 2627.16002pt x 1780.41835pt>
File: charge_alignement.pdf Graphic file (type pdf)

<use charge_alignement.pdf, page 7>
Package pdftex.def Info: charge_alignement.pdf, page7 used on input line 65.
(pdftex.def)             Requested size: 452.9679pt x 306.95949pt.

<charge_alignement.pdf, id=770, page=8, 2627.16002pt x 1780.41835pt>
File: charge_alignement.pdf Graphic file (type pdf)

<use charge_alignement.pdf, page 8>
Package pdftex.def Info: charge_alignement.pdf, page8 used on input line 70.
(pdftex.def)             Requested size: 452.9679pt x 306.95949pt.
)
<charges_multiples.png, id=771, 598.235pt x 1606.0pt>
File: charges_multiples.png Graphic file (type png)

<use charges_multiples.png>
Package pdftex.def Info: charges_multiples.png used on input line 130.
(pdftex.def)             Requested size: 170.71652pt x 458.3029pt.

Underfull \hbox (badness 10000) in paragraph at lines 139--139

 []

[28] [29 <./charge.pdf> <./charge_alignement.pdf

pdfTeX warning: pdflatex (file ./charge_alignement.pdf): PDF inclusion: multipl
e pdfs with page group included in a single page
> <./charge_alignement.pdf

pdfTeX warning: pdflatex (file ./charge_alignement.pdf): PDF inclusion: multipl
e pdfs with page group included in a single page
> <./charge_alignement.pdf

pdfTeX warning: pdflatex (file ./charge_alignement.pdf): PDF inclusion: multipl
e pdfs with page group included in a single page
> <./charge_alignement.pdf

pdfTeX warning: pdflatex (file ./charge_alignement.pdf): PDF inclusion: multipl
e pdfs with page group included in a single page
> <./charge_alignement.pdf

pdfTeX warning: pdflatex (file ./charge_alignement.pdf): PDF inclusion: multipl
e pdfs with page group included in a single page
> <./charge_alignement.pdf

pdfTeX warning: pdflatex (file ./charge_alignement.pdf): PDF inclusion: multipl
e pdfs with page group included in a single page
> <./charge_alignement.pdf

pdfTeX warning: pdflatex (file ./charge_alignement.pdf): PDF inclusion: multipl
e pdfs with page group included in a single page
> <./charge_alignement.pdf

pdfTeX warning: pdflatex (file ./charge_alignement.pdf): PDF inclusion: multipl
e pdfs with page group included in a single page
>] [30 <./charges_multiples.png>] [31] [32]
<roue.png, id=1132, 1081.03876pt x 652.68843pt>
File: roue.png Graphic file (type png)
 <use roue.png>
Package pdftex.def Info: roue.png used on input line 198.
(pdftex.def)             Requested size: 441.01772pt x 266.26945pt.
) [33 <./roue.png>] (BRB_magic_phase.tex [34] [35] [36] [37] [38] [39] [40] [41
]) [42]
(BRB_shooting_phase.tex [43] [44] (couvert_leger.pdf_tex
<couvert_leger.pdf, id=1232, page=1, 2205.24487pt x 492.2582pt>
File: couvert_leger.pdf Graphic file (type pdf)

<use couvert_leger.pdf, page 1>
Package pdftex.def Info: couvert_leger.pdf, page1 used on input line 52.
(pdftex.def)             Requested size: 452.9679pt x 101.10887pt.

<couvert_leger.pdf, id=1233, page=2, 2205.24487pt x 492.2582pt>
File: couvert_leger.pdf Graphic file (type pdf)

<use couvert_leger.pdf, page 2>
Package pdftex.def Info: couvert_leger.pdf, page2 used on input line 55.
(pdftex.def)             Requested size: 452.9679pt x 101.10887pt.

<couvert_leger.pdf, id=1234, page=3, 2205.24487pt x 492.2582pt>
File: couvert_leger.pdf Graphic file (type pdf)

<use couvert_leger.pdf, page 3>
Package pdftex.def Info: couvert_leger.pdf, page3 used on input line 60.
(pdftex.def)             Requested size: 452.9679pt x 101.10887pt.

<couvert_leger.pdf, id=1235, page=4, 2205.24487pt x 492.2582pt>
File: couvert_leger.pdf Graphic file (type pdf)

<use couvert_leger.pdf, page 4>
Package pdftex.def Info: couvert_leger.pdf, page4 used on input line 62.
(pdftex.def)             Requested size: 452.9679pt x 101.10887pt.

<couvert_leger.pdf, id=1236, page=5, 2205.24487pt x 492.2582pt>
File: couvert_leger.pdf Graphic file (type pdf)

<use couvert_leger.pdf, page 5>
Package pdftex.def Info: couvert_leger.pdf, page5 used on input line 72.
(pdftex.def)             Requested size: 452.9679pt x 101.10887pt.
)
<couvert_lourd.png, id=1237, 1306.8825pt x 434.37282pt>
File: couvert_lourd.png Graphic file (type png)

<use couvert_lourd.png>
Package pdftex.def Info: couvert_lourd.png used on input line 140.
(pdftex.def)             Requested size: 441.01772pt x 146.57793pt.
 [45] [46 <./couvert_leger.pdf> <./couvert_leger.pdf

pdfTeX warning: pdflatex (file ./couvert_leger.pdf): PDF inclusion: multiple pd
fs with page group included in a single page
> <./couvert_leger.pdf

pdfTeX warning: pdflatex (file ./couvert_leger.pdf): PDF inclusion: multiple pd
fs with page group included in a single page
> <./couvert_leger.pdf

pdfTeX warning: pdflatex (file ./couvert_leger.pdf): PDF inclusion: multiple pd
fs with page group included in a single page
> <./couvert_leger.pdf

pdfTeX warning: pdflatex (file ./couvert_leger.pdf): PDF inclusion: multiple pd
fs with page group included in a single page
> <./couvert_lourd.png>]
<couvert_leger_et_lourd.png, id=1510, 562.1pt x 722.7pt>
File: couvert_leger_et_lourd.png Graphic file (type png)

<use couvert_leger_et_lourd.png>
Package pdftex.def Info: couvert_leger_et_lourd.png used on input line 151.
(pdftex.def)             Requested size: 170.71652pt x 219.49135pt.

<Lignes_de_vue.png, id=1511, 391.4625pt x 499.11469pt>
File: Lignes_de_vue.png Graphic file (type png)
 <use Lignes_de_vue.png>
Package pdftex.def Info: Lignes_de_vue.png used on input line 161.
(pdftex.def)             Requested size: 341.43306pt x 435.35341pt.
) [47 <./couvert_leger_et_lourd.png>] [48 <./Lignes_de_vue.png>]
(BRB_combat_phase.tex [49] [50] (combat_vides.pdf_tex
<combat_vides.pdf, id=1549, page=1, 742.38138pt x 584.48595pt>
File: combat_vides.pdf Graphic file (type pdf)

<use combat_vides.pdf, page 1>
Package pdftex.def Info: combat_vides.pdf, page1 used on input line 52.
(pdftex.def)             Requested size: 227.62204pt x 179.20885pt.
) [51 <./combat_vides.pdf>] (attribution.pdf_tex
<attribution.pdf, id=1782, page=1, 570.25963pt x 399.54308pt>
File: attribution.pdf Graphic file (type pdf)

<use attribution.pdf, page 1>
Package pdftex.def Info: attribution.pdf, page1 used on input line 52.
(pdftex.def)             Requested size: 227.62204pt x 159.47908pt.

<attribution.pdf, id=1783, page=2, 570.25963pt x 399.54308pt>
File: attribution.pdf Graphic file (type pdf)

<use attribution.pdf, page 2>
Package pdftex.def Info: attribution.pdf, page2 used on input line 54.
(pdftex.def)             Requested size: 227.62204pt x 159.47908pt.

<attribution.pdf, id=1784, page=3, 570.25963pt x 399.54308pt>
File: attribution.pdf Graphic file (type pdf)

<use attribution.pdf, page 3>
Package pdftex.def Info: attribution.pdf, page3 used on input line 56.
(pdftex.def)             Requested size: 227.62204pt x 159.47908pt.
) [52] [53 <./attribution.pdf> <./attribution.pdf

pdfTeX warning: pdflatex (file ./attribution.pdf): PDF inclusion: multiple pdfs
 with page group included in a single page
> <./attribution.pdf

pdfTeX warning: pdflatex (file ./attribution.pdf): PDF inclusion: multiple pdfs
 with page group included in a single page
>] [54] [55] [56] [57] (poursuite.pdf_tex
<poursuite.pdf, id=1895, page=1, 1380.906pt x 3040.8148pt>
File: poursuite.pdf Graphic file (type pdf)

<use poursuite.pdf, page 1>
Package pdftex.def Info: poursuite.pdf, page1 used on input line 52.
(pdftex.def)             Requested size: 219.08612pt x 482.4108pt.
)) [58] [59 <./poursuite.pdf>]
(BRB_attacks_and_damage.tex [60] [61] [62] [63]) [64] (BRB_troop_types.tex
[65] [66] [67] [68]
Overfull \hbox (13.68018pt too wide) in paragraph at lines 110--137
 [][] 
 []

) [69] (BRB_mundane_equipment.tex
Overfull \hbox (17.92635pt too wide) in paragraph at lines 13--27
[][] 
 []

[70]
Overfull \hbox (11.50656pt too wide) in paragraph at lines 35--48
 [][] 
 []

[71] [72]
Underfull \hbox (badness 1515) in paragraph at lines 83--84
[]|\T1/ppl/m/n/10.95 (+20) Conditions pour
 []

[73] [74]) [75] [76] (BRB_characters.tex [77]
LaTeX Font Info:    Font shape `T1/ppl/bx/it' in size <10.95> not available
(Font)              Font shape `T1/ppl/b/it' tried instead on input line 42.
 [78] [79]
(au_premier_rang.pdf_tex
<au_premier_rang.pdf, id=2301, page=1, 796.67719pt x 696.05443pt>
File: au_premier_rang.pdf Graphic file (type pdf)

<use au_premier_rang.pdf, page 1>
Package pdftex.def Info: au_premier_rang.pdf, page1 used on input line 52.
(pdftex.def)             Requested size: 341.43306pt x 298.30981pt.

<au_premier_rang.pdf, id=2302, page=2, 796.67719pt x 696.05443pt>
File: au_premier_rang.pdf Graphic file (type pdf)

<use au_premier_rang.pdf, page 2>
Package pdftex.def Info: au_premier_rang.pdf, page2 used on input line 59.
(pdftex.def)             Requested size: 341.43306pt x 298.30981pt.

<au_premier_rang.pdf, id=2303, page=3, 796.67719pt x 696.05443pt>
File: au_premier_rang.pdf Graphic file (type pdf)

<use au_premier_rang.pdf, page 3>
Package pdftex.def Info: au_premier_rang.pdf, page3 used on input line 61.
(pdftex.def)             Requested size: 341.43306pt x 298.30981pt.

<au_premier_rang.pdf, id=2304, page=4, 796.67719pt x 696.05443pt>
File: au_premier_rang.pdf Graphic file (type pdf)

<use au_premier_rang.pdf, page 4>
Package pdftex.def Info: au_premier_rang.pdf, page4 used on input line 66.
(pdftex.def)             Requested size: 341.43306pt x 298.30981pt.

<au_premier_rang.pdf, id=2305, page=5, 796.67719pt x 696.05443pt>
File: au_premier_rang.pdf Graphic file (type pdf)

<use au_premier_rang.pdf, page 5>
Package pdftex.def Info: au_premier_rang.pdf, page5 used on input line 69.
(pdftex.def)             Requested size: 341.43306pt x 298.30981pt.

<au_premier_rang.pdf, id=2306, page=6, 796.67719pt x 696.05443pt>
File: au_premier_rang.pdf Graphic file (type pdf)

<use au_premier_rang.pdf, page 6>
Package pdftex.def Info: au_premier_rang.pdf, page6 used on input line 71.
(pdftex.def)             Requested size: 341.43306pt x 298.30981pt.

<au_premier_rang.pdf, id=2307, page=7, 796.67719pt x 696.05443pt>
File: au_premier_rang.pdf Graphic file (type pdf)

<use au_premier_rang.pdf, page 7>
Package pdftex.def Info: au_premier_rang.pdf, page7 used on input line 73.
(pdftex.def)             Requested size: 341.43306pt x 298.30981pt.
) [80 <./au_premier_rang.pdf> <./au_premier_rang.pdf

pdfTeX warning: pdflatex (file ./au_premier_rang.pdf): PDF inclusion: multiple 
pdfs with page group included in a single page
> <./au_premier_rang.pdf

pdfTeX warning: pdflatex (file ./au_premier_rang.pdf): PDF inclusion: multiple 
pdfs with page group included in a single page
> <./au_premier_rang.pdf

pdfTeX warning: pdflatex (file ./au_premier_rang.pdf): PDF inclusion: multiple 
pdfs with page group included in a single page
> <./au_premier_rang.pdf

pdfTeX warning: pdflatex (file ./au_premier_rang.pdf): PDF inclusion: multiple 
pdfs with page group included in a single page
> <./au_premier_rang.pdf

pdfTeX warning: pdflatex (file ./au_premier_rang.pdf): PDF inclusion: multiple 
pdfs with page group included in a single page
> <./au_premier_rang.pdf

pdfTeX warning: pdflatex (file ./au_premier_rang.pdf): PDF inclusion: multiple 
pdfs with page group included in a single page
>] [81] [82]) [83] (BRB_command_groups.tex [84]) [85] (BRB_terrain.tex [86]
[87] [88] [89]) [90] (BRB_scoring_and_victory_conditions.tex [91] [92])
[93] (BRB_special_rules.tex [94] [95] [96] [97] [98] [99] [100] [101] [102]
[103] [104] [105] [106] <tirailleurs.png, id=2497, 770.88pt x 670.00313pt>
File: tirailleurs.png Graphic file (type png)

<use tirailleurs.png>
Package pdftex.def Info: tirailleurs.png used on input line 350.
(pdftex.def)             Requested size: 441.01772pt x 383.30637pt.
 [107] [108 <./tirailleurs.png>] [109]) [110]
(BRB_magical_items.tex [111] [112]
Overfull \vbox (0.36351pt too high) has occurred while \output is active []


[113] [114] [115] [116] [117]) [118] (BRB_summaries.tex
LaTeX Font Info:    External font `cmex10' loaded for size
(Font)              <9> on input line 14.

Underfull \hbox (badness 1436) in paragraph at lines 31--32
[]|\T1/ppl/m/n/9 (+20) Choisissez les ob-jec-tifs se-con-
 []


Underfull \hbox (badness 4872) in paragraph at lines 43--44
[]|\T1/ppl/m/n/9 (+20) Dployez des uni-ts cha-cun
 []


Underfull \hbox (badness 10000) in paragraph at lines 44--45
[]|\T1/ppl/m/n/9 (+20) Dterminez qui va es-sayer
 []


Underfull \hbox (badness 5388) in paragraph at lines 47--48
[]|\T1/ppl/m/n/9 (+20) Dplacez les uni-ts d'\T1/ppl/m/it/9 (+20) Avant-
 []


Overfull \hbox (2.21948pt too wide) in paragraph at lines 59--78
[] 
 []


Overfull \hbox (14.51768pt too wide) in paragraph at lines 81--92
[][] 
 []

[119]
Overfull \hbox (17.99487pt too wide) in paragraph at lines 134--143
[][] 
 []


Overfull \hbox (17.13809pt too wide) in paragraph at lines 148--156
[][] 
 []


Overfull \hbox (17.13809pt too wide) in paragraph at lines 159--178
[][] 
 []


Overfull \hbox (2.0805pt too wide) in paragraph at lines 98--180
[][]  [] 
 []

[120]
Overfull \hbox (12.06528pt too wide) in paragraph at lines 189--200
[][] 
 []


Overfull \hbox (4.81422pt too wide) in paragraph at lines 205--214
[][] 
 []


Overfull \hbox (16.03322pt too wide) in paragraph at lines 222--237
[][] 
 []


Overfull \hbox (36.87204pt too wide) in paragraph at lines 254--262
[][] 
 []

<Lignes_de_vue2.png, id=2579, 956.57375pt x 361.35pt>
File: Lignes_de_vue2.png Graphic file (type png)
 <use Lignes_de_vue2.png>
Package pdftex.def Info: Lignes_de_vue2.png used on input line 268.
(pdftex.def)             Requested size: 369.88582pt x 139.72394pt.

[121 <./Lignes_de_vue2.png>]
Overfull \hbox (20.03214pt too wide) in paragraph at lines 279--286
[][] 
 []


Overfull \hbox (15.04735pt too wide) in paragraph at lines 290--302
[][] 
 []


Overfull \hbox (13.48833pt too wide) in paragraph at lines 310--328
[][] 
 []


Overfull \hbox (3.12955pt too wide) in paragraph at lines 339--340
[]|\T1/ppl/m/n/9 (-20) 10| 
 []


Overfull \hbox (4.06439pt too wide) in paragraph at lines 341--341
[]|\T1/ppl/m/n/9 (-20) 4+| 
 []


Overfull \hbox (4.06439pt too wide) in paragraph at lines 341--341
[]|\T1/ppl/m/n/9 (-20) 3+| 
 []


Overfull \hbox (4.06439pt too wide) in paragraph at lines 341--341
[]|\T1/ppl/m/n/9 (-20) 3+| 
 []


Overfull \hbox (4.06439pt too wide) in paragraph at lines 341--341
[]|\T1/ppl/m/n/9 (-20) 3+| 
 []


Overfull \hbox (4.06439pt too wide) in paragraph at lines 341--341
[]|\T1/ppl/m/n/9 (-20) 3+| 
 []


Overfull \hbox (4.06439pt too wide) in paragraph at lines 341--341
[]|\T1/ppl/m/n/9 (-20) 3+| 
 []


Overfull \hbox (4.06439pt too wide) in paragraph at lines 341--341
[]|\T1/ppl/m/n/9 (-20) 3+| 
 []


Overfull \hbox (4.06439pt too wide) in paragraph at lines 341--341
[]|\T1/ppl/m/n/9 (-20) 3+| 
 []


Overfull \hbox (4.06439pt too wide) in paragraph at lines 341--341
[]|\T1/ppl/m/n/9 (-20) 3+| 
 []


Overfull \hbox (4.06439pt too wide) in paragraph at lines 341--342
[]|\T1/ppl/m/n/9 (-20) 3+| 
 []


Overfull \hbox (4.06439pt too wide) in paragraph at lines 342--342
[]|\T1/ppl/m/n/9 (-20) 4+| 
 []


Overfull \hbox (4.06439pt too wide) in paragraph at lines 342--342
[]|\T1/ppl/m/n/9 (-20) 4+| 
 []


Overfull \hbox (4.06439pt too wide) in paragraph at lines 342--342
[]|\T1/ppl/m/n/9 (-20) 3+| 
 []


Overfull \hbox (4.06439pt too wide) in paragraph at lines 342--342
[]|\T1/ppl/m/n/9 (-20) 3+| 
 []


Overfull \hbox (4.06439pt too wide) in paragraph at lines 342--342
[]|\T1/ppl/m/n/9 (-20) 3+| 
 []


Overfull \hbox (4.06439pt too wide) in paragraph at lines 342--342
[]|\T1/ppl/m/n/9 (-20) 3+| 
 []


Overfull \hbox (4.06439pt too wide) in paragraph at lines 342--342
[]|\T1/ppl/m/n/9 (-20) 3+| 
 []


Overfull \hbox (4.06439pt too wide) in paragraph at lines 342--342
[]|\T1/ppl/m/n/9 (-20) 3+| 
 []


Overfull \hbox (4.06439pt too wide) in paragraph at lines 342--342
[]|\T1/ppl/m/n/9 (-20) 3+| 
 []


Overfull \hbox (4.06439pt too wide) in paragraph at lines 342--343
[]|\T1/ppl/m/n/9 (-20) 3+| 
 []


Overfull \hbox (4.06439pt too wide) in paragraph at lines 343--343
[]|\T1/ppl/m/n/9 (-20) 5+| 
 []


Overfull \hbox (4.06439pt too wide) in paragraph at lines 343--343
[]|\T1/ppl/m/n/9 (-20) 4+| 
 []


Overfull \hbox (4.06439pt too wide) in paragraph at lines 343--343
[]|\T1/ppl/m/n/9 (-20) 4+| 
 []


Overfull \hbox (4.06439pt too wide) in paragraph at lines 343--343
[]|\T1/ppl/m/n/9 (-20) 3+| 
 []


Overfull \hbox (4.06439pt too wide) in paragraph at lines 343--343
[]|\T1/ppl/m/n/9 (-20) 3+| 
 []


Overfull \hbox (4.06439pt too wide) in paragraph at lines 343--343
[]|\T1/ppl/m/n/9 (-20) 3+| 
 []


Overfull \hbox (4.06439pt too wide) in paragraph at lines 343--343
[]|\T1/ppl/m/n/9 (-20) 3+| 
 []


Overfull \hbox (4.06439pt too wide) in paragraph at lines 343--343
[]|\T1/ppl/m/n/9 (-20) 3+| 
 []


Overfull \hbox (4.06439pt too wide) in paragraph at lines 343--343
[]|\T1/ppl/m/n/9 (-20) 3+| 
 []


Overfull \hbox (4.06439pt too wide) in paragraph at lines 343--344
[]|\T1/ppl/m/n/9 (-20) 3+| 
 []


Overfull \hbox (4.06439pt too wide) in paragraph at lines 344--344
[]|\T1/ppl/m/n/9 (-20) 5+| 
 []


Overfull \hbox (4.06439pt too wide) in paragraph at lines 344--344
[]|\T1/ppl/m/n/9 (-20) 4+| 
 []


Overfull \hbox (4.06439pt too wide) in paragraph at lines 344--344
[]|\T1/ppl/m/n/9 (-20) 4+| 
 []


Overfull \hbox (4.06439pt too wide) in paragraph at lines 344--344
[]|\T1/ppl/m/n/9 (-20) 4+| 
 []


Overfull \hbox (4.06439pt too wide) in paragraph at lines 344--344
[]|\T1/ppl/m/n/9 (-20) 3+| 
 []


Overfull \hbox (4.06439pt too wide) in paragraph at lines 344--344
[]|\T1/ppl/m/n/9 (-20) 3+| 
 []


Overfull \hbox (4.06439pt too wide) in paragraph at lines 344--344
[]|\T1/ppl/m/n/9 (-20) 3+| 
 []


Overfull \hbox (4.06439pt too wide) in paragraph at lines 344--344
[]|\T1/ppl/m/n/9 (-20) 3+| 
 []


Overfull \hbox (4.06439pt too wide) in paragraph at lines 344--344
[]|\T1/ppl/m/n/9 (-20) 3+| 
 []


Overfull \hbox (4.06439pt too wide) in paragraph at lines 344--345
[]|\T1/ppl/m/n/9 (-20) 3+| 
 []


Overfull \hbox (4.06439pt too wide) in paragraph at lines 345--345
[]|\T1/ppl/m/n/9 (-20) 5+| 
 []


Overfull \hbox (4.06439pt too wide) in paragraph at lines 345--345
[]|\T1/ppl/m/n/9 (-20) 5+| 
 []


Overfull \hbox (4.06439pt too wide) in paragraph at lines 345--345
[]|\T1/ppl/m/n/9 (-20) 4+| 
 []


Overfull \hbox (4.06439pt too wide) in paragraph at lines 345--345
[]|\T1/ppl/m/n/9 (-20) 4+| 
 []


Overfull \hbox (4.06439pt too wide) in paragraph at lines 345--345
[]|\T1/ppl/m/n/9 (-20) 4+| 
 []


Overfull \hbox (4.06439pt too wide) in paragraph at lines 345--345
[]|\T1/ppl/m/n/9 (-20) 3+| 
 []


Overfull \hbox (4.06439pt too wide) in paragraph at lines 345--345
[]|\T1/ppl/m/n/9 (-20) 3+| 
 []


Overfull \hbox (4.06439pt too wide) in paragraph at lines 345--345
[]|\T1/ppl/m/n/9 (-20) 3+| 
 []


Overfull \hbox (4.06439pt too wide) in paragraph at lines 345--345
[]|\T1/ppl/m/n/9 (-20) 3+| 
 []


Overfull \hbox (4.06439pt too wide) in paragraph at lines 345--346
[]|\T1/ppl/m/n/9 (-20) 3+| 
 []


Overfull \hbox (4.06439pt too wide) in paragraph at lines 346--346
[]|\T1/ppl/m/n/9 (-20) 5+| 
 []


Overfull \hbox (4.06439pt too wide) in paragraph at lines 346--346
[]|\T1/ppl/m/n/9 (-20) 5+| 
 []


Overfull \hbox (4.06439pt too wide) in paragraph at lines 346--346
[]|\T1/ppl/m/n/9 (-20) 4+| 
 []


Overfull \hbox (4.06439pt too wide) in paragraph at lines 346--346
[]|\T1/ppl/m/n/9 (-20) 4+| 
 []


Overfull \hbox (4.06439pt too wide) in paragraph at lines 346--346
[]|\T1/ppl/m/n/9 (-20) 4+| 
 []


Overfull \hbox (4.06439pt too wide) in paragraph at lines 346--346
[]|\T1/ppl/m/n/9 (-20) 4+| 
 []


Overfull \hbox (4.06439pt too wide) in paragraph at lines 346--346
[]|\T1/ppl/m/n/9 (-20) 3+| 
 []


Overfull \hbox (4.06439pt too wide) in paragraph at lines 346--346
[]|\T1/ppl/m/n/9 (-20) 3+| 
 []


Overfull \hbox (4.06439pt too wide) in paragraph at lines 346--346
[]|\T1/ppl/m/n/9 (-20) 3+| 
 []


Overfull \hbox (4.06439pt too wide) in paragraph at lines 346--347
[]|\T1/ppl/m/n/9 (-20) 3+| 
 []


Overfull \hbox (4.06439pt too wide) in paragraph at lines 347--347
[]|\T1/ppl/m/n/9 (-20) 5+| 
 []


Overfull \hbox (4.06439pt too wide) in paragraph at lines 347--347
[]|\T1/ppl/m/n/9 (-20) 5+| 
 []


Overfull \hbox (4.06439pt too wide) in paragraph at lines 347--347
[]|\T1/ppl/m/n/9 (-20) 5+| 
 []


Overfull \hbox (4.06439pt too wide) in paragraph at lines 347--347
[]|\T1/ppl/m/n/9 (-20) 4+| 
 []


Overfull \hbox (4.06439pt too wide) in paragraph at lines 347--347
[]|\T1/ppl/m/n/9 (-20) 4+| 
 []


Overfull \hbox (4.06439pt too wide) in paragraph at lines 347--347
[]|\T1/ppl/m/n/9 (-20) 4+| 
 []


Overfull \hbox (4.06439pt too wide) in paragraph at lines 347--347
[]|\T1/ppl/m/n/9 (-20) 4+| 
 []


Overfull \hbox (4.06439pt too wide) in paragraph at lines 347--347
[]|\T1/ppl/m/n/9 (-20) 3+| 
 []


Overfull \hbox (4.06439pt too wide) in paragraph at lines 347--347
[]|\T1/ppl/m/n/9 (-20) 3+| 
 []


Overfull \hbox (4.06439pt too wide) in paragraph at lines 347--348
[]|\T1/ppl/m/n/9 (-20) 3+| 
 []


Overfull \hbox (4.06439pt too wide) in paragraph at lines 348--348
[]|\T1/ppl/m/n/9 (-20) 5+| 
 []


Overfull \hbox (4.06439pt too wide) in paragraph at lines 348--348
[]|\T1/ppl/m/n/9 (-20) 5+| 
 []


Overfull \hbox (4.06439pt too wide) in paragraph at lines 348--348
[]|\T1/ppl/m/n/9 (-20) 5+| 
 []


Overfull \hbox (4.06439pt too wide) in paragraph at lines 348--348
[]|\T1/ppl/m/n/9 (-20) 4+| 
 []


Overfull \hbox (4.06439pt too wide) in paragraph at lines 348--348
[]|\T1/ppl/m/n/9 (-20) 4+| 
 []


Overfull \hbox (4.06439pt too wide) in paragraph at lines 348--348
[]|\T1/ppl/m/n/9 (-20) 4+| 
 []


Overfull \hbox (4.06439pt too wide) in paragraph at lines 348--348
[]|\T1/ppl/m/n/9 (-20) 4+| 
 []


Overfull \hbox (4.06439pt too wide) in paragraph at lines 348--348
[]|\T1/ppl/m/n/9 (-20) 4+| 
 []


Overfull \hbox (4.06439pt too wide) in paragraph at lines 348--348
[]|\T1/ppl/m/n/9 (-20) 3+| 
 []


Overfull \hbox (4.06439pt too wide) in paragraph at lines 348--349
[]|\T1/ppl/m/n/9 (-20) 3+| 
 []


Overfull \hbox (4.06439pt too wide) in paragraph at lines 349--349
[]|\T1/ppl/m/n/9 (-20) 5+| 
 []


Overfull \hbox (4.06439pt too wide) in paragraph at lines 349--349
[]|\T1/ppl/m/n/9 (-20) 5+| 
 []


Overfull \hbox (4.06439pt too wide) in paragraph at lines 349--349
[]|\T1/ppl/m/n/9 (-20) 5+| 
 []


Overfull \hbox (4.06439pt too wide) in paragraph at lines 349--349
[]|\T1/ppl/m/n/9 (-20) 5+| 
 []


Overfull \hbox (4.06439pt too wide) in paragraph at lines 349--349
[]|\T1/ppl/m/n/9 (-20) 4+| 
 []


Overfull \hbox (4.06439pt too wide) in paragraph at lines 349--349
[]|\T1/ppl/m/n/9 (-20) 4+| 
 []


Overfull \hbox (4.06439pt too wide) in paragraph at lines 349--349
[]|\T1/ppl/m/n/9 (-20) 4+| 
 []


Overfull \hbox (4.06439pt too wide) in paragraph at lines 349--349
[]|\T1/ppl/m/n/9 (-20) 4+| 
 []


Overfull \hbox (4.06439pt too wide) in paragraph at lines 349--349
[]|\T1/ppl/m/n/9 (-20) 4+| 
 []


Overfull \hbox (4.06439pt too wide) in paragraph at lines 349--350
[]|\T1/ppl/m/n/9 (-20) 3+| 
 []


Overfull \hbox (4.06439pt too wide) in paragraph at lines 350--350
[]|\T1/ppl/m/n/9 (-20) 5+| 
 []


Overfull \hbox (4.06439pt too wide) in paragraph at lines 350--350
[]|\T1/ppl/m/n/9 (-20) 5+| 
 []


Overfull \hbox (4.06439pt too wide) in paragraph at lines 350--350
[]|\T1/ppl/m/n/9 (-20) 5+| 
 []


Overfull \hbox (4.06439pt too wide) in paragraph at lines 350--350
[]|\T1/ppl/m/n/9 (-20) 5+| 
 []


Overfull \hbox (4.06439pt too wide) in paragraph at lines 350--350
[]|\T1/ppl/m/n/9 (-20) 4+| 
 []


Overfull \hbox (4.06439pt too wide) in paragraph at lines 350--350
[]|\T1/ppl/m/n/9 (-20) 4+| 
 []


Overfull \hbox (4.06439pt too wide) in paragraph at lines 350--350
[]|\T1/ppl/m/n/9 (-20) 4+| 
 []


Overfull \hbox (4.06439pt too wide) in paragraph at lines 350--350
[]|\T1/ppl/m/n/9 (-20) 4+| 
 []


Overfull \hbox (4.06439pt too wide) in paragraph at lines 350--350
[]|\T1/ppl/m/n/9 (-20) 4+| 
 []


Overfull \hbox (4.06439pt too wide) in paragraph at lines 350--351
[]|\T1/ppl/m/n/9 (-20) 4+| 
 []


Overfull \hbox (3.12955pt too wide) in paragraph at lines 361--362
[]|\T1/ppl/m/n/9 (-20) 10| 
 []


Overfull \hbox (4.06439pt too wide) in paragraph at lines 363--363
[]|\T1/ppl/m/n/9 (-20) 4+| 
 []


Overfull \hbox (4.06439pt too wide) in paragraph at lines 363--363
[]|\T1/ppl/m/n/9 (-20) 3+| 
 []


Overfull \hbox (4.06439pt too wide) in paragraph at lines 363--363
[]|\T1/ppl/m/n/9 (-20) 2+| 
 []


Overfull \hbox (4.06439pt too wide) in paragraph at lines 363--363
[]|\T1/ppl/m/n/9 (-20) 2+| 
 []


Overfull \hbox (4.06439pt too wide) in paragraph at lines 363--363
[]|\T1/ppl/m/n/9 (-20) 2+| 
 []


Overfull \hbox (4.06439pt too wide) in paragraph at lines 363--363
[]|\T1/ppl/m/n/9 (-20) 2+| 
 []


Overfull \hbox (4.06439pt too wide) in paragraph at lines 363--363
[]|\T1/ppl/m/n/9 (-20) 2+| 
 []


Overfull \hbox (4.06439pt too wide) in paragraph at lines 363--363
[]|\T1/ppl/m/n/9 (-20) 2+| 
 []


Overfull \hbox (4.06439pt too wide) in paragraph at lines 363--363
[]|\T1/ppl/m/n/9 (-20) 2+| 
 []


Overfull \hbox (4.06439pt too wide) in paragraph at lines 363--364
[]|\T1/ppl/m/n/9 (-20) 2+| 
 []


Overfull \hbox (4.06439pt too wide) in paragraph at lines 364--364
[]|\T1/ppl/m/n/9 (-20) 5+| 
 []


Overfull \hbox (4.06439pt too wide) in paragraph at lines 364--364
[]|\T1/ppl/m/n/9 (-20) 4+| 
 []


Overfull \hbox (4.06439pt too wide) in paragraph at lines 364--364
[]|\T1/ppl/m/n/9 (-20) 3+| 
 []


Overfull \hbox (4.06439pt too wide) in paragraph at lines 364--364
[]|\T1/ppl/m/n/9 (-20) 2+| 
 []


Overfull \hbox (4.06439pt too wide) in paragraph at lines 364--364
[]|\T1/ppl/m/n/9 (-20) 2+| 
 []


Overfull \hbox (4.06439pt too wide) in paragraph at lines 364--364
[]|\T1/ppl/m/n/9 (-20) 2+| 
 []


Overfull \hbox (4.06439pt too wide) in paragraph at lines 364--364
[]|\T1/ppl/m/n/9 (-20) 2+| 
 []


Overfull \hbox (4.06439pt too wide) in paragraph at lines 364--364
[]|\T1/ppl/m/n/9 (-20) 2+| 
 []


Overfull \hbox (4.06439pt too wide) in paragraph at lines 364--364
[]|\T1/ppl/m/n/9 (-20) 2+| 
 []


Overfull \hbox (4.06439pt too wide) in paragraph at lines 364--365
[]|\T1/ppl/m/n/9 (-20) 2+| 
 []


Overfull \hbox (4.06439pt too wide) in paragraph at lines 365--365
[]|\T1/ppl/m/n/9 (-20) 6+| 
 []


Overfull \hbox (4.06439pt too wide) in paragraph at lines 365--365
[]|\T1/ppl/m/n/9 (-20) 5+| 
 []


Overfull \hbox (4.06439pt too wide) in paragraph at lines 365--365
[]|\T1/ppl/m/n/9 (-20) 4+| 
 []


Overfull \hbox (4.06439pt too wide) in paragraph at lines 365--365
[]|\T1/ppl/m/n/9 (-20) 3+| 
 []


Overfull \hbox (4.06439pt too wide) in paragraph at lines 365--365
[]|\T1/ppl/m/n/9 (-20) 2+| 
 []


Overfull \hbox (4.06439pt too wide) in paragraph at lines 365--365
[]|\T1/ppl/m/n/9 (-20) 2+| 
 []


Overfull \hbox (4.06439pt too wide) in paragraph at lines 365--365
[]|\T1/ppl/m/n/9 (-20) 2+| 
 []


Overfull \hbox (4.06439pt too wide) in paragraph at lines 365--365
[]|\T1/ppl/m/n/9 (-20) 2+| 
 []


Overfull \hbox (4.06439pt too wide) in paragraph at lines 365--365
[]|\T1/ppl/m/n/9 (-20) 2+| 
 []


Overfull \hbox (4.06439pt too wide) in paragraph at lines 365--366
[]|\T1/ppl/m/n/9 (-20) 2+| 
 []


Overfull \hbox (4.06439pt too wide) in paragraph at lines 366--366
[]|\T1/ppl/m/n/9 (-20) 6+| 
 []


Overfull \hbox (4.06439pt too wide) in paragraph at lines 366--366
[]|\T1/ppl/m/n/9 (-20) 6+| 
 []


Overfull \hbox (4.06439pt too wide) in paragraph at lines 366--366
[]|\T1/ppl/m/n/9 (-20) 5+| 
 []


Overfull \hbox (4.06439pt too wide) in paragraph at lines 366--366
[]|\T1/ppl/m/n/9 (-20) 4+| 
 []


Overfull \hbox (4.06439pt too wide) in paragraph at lines 366--366
[]|\T1/ppl/m/n/9 (-20) 3+| 
 []


Overfull \hbox (4.06439pt too wide) in paragraph at lines 366--366
[]|\T1/ppl/m/n/9 (-20) 2+| 
 []


Overfull \hbox (4.06439pt too wide) in paragraph at lines 366--366
[]|\T1/ppl/m/n/9 (-20) 2+| 
 []


Overfull \hbox (4.06439pt too wide) in paragraph at lines 366--366
[]|\T1/ppl/m/n/9 (-20) 2+| 
 []


Overfull \hbox (4.06439pt too wide) in paragraph at lines 366--366
[]|\T1/ppl/m/n/9 (-20) 2+| 
 []


Overfull \hbox (4.06439pt too wide) in paragraph at lines 366--367
[]|\T1/ppl/m/n/9 (-20) 2+| 
 []


Overfull \hbox (4.06439pt too wide) in paragraph at lines 367--367
[]|\T1/ppl/m/n/9 (-20) 6+| 
 []


Overfull \hbox (4.06439pt too wide) in paragraph at lines 367--367
[]|\T1/ppl/m/n/9 (-20) 6+| 
 []


Overfull \hbox (4.06439pt too wide) in paragraph at lines 367--367
[]|\T1/ppl/m/n/9 (-20) 6+| 
 []


Overfull \hbox (4.06439pt too wide) in paragraph at lines 367--367
[]|\T1/ppl/m/n/9 (-20) 5+| 
 []


Overfull \hbox (4.06439pt too wide) in paragraph at lines 367--367
[]|\T1/ppl/m/n/9 (-20) 4+| 
 []


Overfull \hbox (4.06439pt too wide) in paragraph at lines 367--367
[]|\T1/ppl/m/n/9 (-20) 3+| 
 []


Overfull \hbox (4.06439pt too wide) in paragraph at lines 367--367
[]|\T1/ppl/m/n/9 (-20) 2+| 
 []


Overfull \hbox (4.06439pt too wide) in paragraph at lines 367--367
[]|\T1/ppl/m/n/9 (-20) 2+| 
 []


Overfull \hbox (4.06439pt too wide) in paragraph at lines 367--367
[]|\T1/ppl/m/n/9 (-20) 2+| 
 []


Overfull \hbox (4.06439pt too wide) in paragraph at lines 367--368
[]|\T1/ppl/m/n/9 (-20) 2+| 
 []


Overfull \hbox (4.06439pt too wide) in paragraph at lines 368--368
[]|\T1/ppl/m/n/9 (-20) 6+| 
 []


Overfull \hbox (4.06439pt too wide) in paragraph at lines 368--368
[]|\T1/ppl/m/n/9 (-20) 6+| 
 []


Overfull \hbox (4.06439pt too wide) in paragraph at lines 368--368
[]|\T1/ppl/m/n/9 (-20) 6+| 
 []


Overfull \hbox (4.06439pt too wide) in paragraph at lines 368--368
[]|\T1/ppl/m/n/9 (-20) 6+| 
 []


Overfull \hbox (4.06439pt too wide) in paragraph at lines 368--368
[]|\T1/ppl/m/n/9 (-20) 5+| 
 []


Overfull \hbox (4.06439pt too wide) in paragraph at lines 368--368
[]|\T1/ppl/m/n/9 (-20) 4+| 
 []


Overfull \hbox (4.06439pt too wide) in paragraph at lines 368--368
[]|\T1/ppl/m/n/9 (-20) 3+| 
 []


Overfull \hbox (4.06439pt too wide) in paragraph at lines 368--368
[]|\T1/ppl/m/n/9 (-20) 2+| 
 []


Overfull \hbox (4.06439pt too wide) in paragraph at lines 368--368
[]|\T1/ppl/m/n/9 (-20) 2+| 
 []


Overfull \hbox (4.06439pt too wide) in paragraph at lines 368--369
[]|\T1/ppl/m/n/9 (-20) 2+| 
 []


Overfull \hbox (4.06439pt too wide) in paragraph at lines 369--369
[]|\T1/ppl/m/n/9 (-20) 6+| 
 []


Overfull \hbox (4.06439pt too wide) in paragraph at lines 369--369
[]|\T1/ppl/m/n/9 (-20) 6+| 
 []


Overfull \hbox (4.06439pt too wide) in paragraph at lines 369--369
[]|\T1/ppl/m/n/9 (-20) 6+| 
 []


Overfull \hbox (4.06439pt too wide) in paragraph at lines 369--369
[]|\T1/ppl/m/n/9 (-20) 6+| 
 []


Overfull \hbox (4.06439pt too wide) in paragraph at lines 369--369
[]|\T1/ppl/m/n/9 (-20) 6+| 
 []


Overfull \hbox (4.06439pt too wide) in paragraph at lines 369--369
[]|\T1/ppl/m/n/9 (-20) 5+| 
 []


Overfull \hbox (4.06439pt too wide) in paragraph at lines 369--369
[]|\T1/ppl/m/n/9 (-20) 4+| 
 []


Overfull \hbox (4.06439pt too wide) in paragraph at lines 369--369
[]|\T1/ppl/m/n/9 (-20) 3+| 
 []


Overfull \hbox (4.06439pt too wide) in paragraph at lines 369--369
[]|\T1/ppl/m/n/9 (-20) 2+| 
 []


Overfull \hbox (4.06439pt too wide) in paragraph at lines 369--370
[]|\T1/ppl/m/n/9 (-20) 2+| 
 []


Overfull \hbox (4.06439pt too wide) in paragraph at lines 370--370
[]|\T1/ppl/m/n/9 (-20) 6+| 
 []


Overfull \hbox (4.06439pt too wide) in paragraph at lines 370--370
[]|\T1/ppl/m/n/9 (-20) 6+| 
 []


Overfull \hbox (4.06439pt too wide) in paragraph at lines 370--370
[]|\T1/ppl/m/n/9 (-20) 6+| 
 []


Overfull \hbox (4.06439pt too wide) in paragraph at lines 370--370
[]|\T1/ppl/m/n/9 (-20) 6+| 
 []


Overfull \hbox (4.06439pt too wide) in paragraph at lines 370--370
[]|\T1/ppl/m/n/9 (-20) 6+| 
 []


Overfull \hbox (4.06439pt too wide) in paragraph at lines 370--370
[]|\T1/ppl/m/n/9 (-20) 6+| 
 []


Overfull \hbox (4.06439pt too wide) in paragraph at lines 370--370
[]|\T1/ppl/m/n/9 (-20) 5+| 
 []


Overfull \hbox (4.06439pt too wide) in paragraph at lines 370--370
[]|\T1/ppl/m/n/9 (-20) 4+| 
 []


Overfull \hbox (4.06439pt too wide) in paragraph at lines 370--370
[]|\T1/ppl/m/n/9 (-20) 3+| 
 []


Overfull \hbox (4.06439pt too wide) in paragraph at lines 370--371
[]|\T1/ppl/m/n/9 (-20) 2+| 
 []


Overfull \hbox (4.06439pt too wide) in paragraph at lines 371--371
[]|\T1/ppl/m/n/9 (-20) 6+| 
 []


Overfull \hbox (4.06439pt too wide) in paragraph at lines 371--371
[]|\T1/ppl/m/n/9 (-20) 6+| 
 []


Overfull \hbox (4.06439pt too wide) in paragraph at lines 371--371
[]|\T1/ppl/m/n/9 (-20) 6+| 
 []


Overfull \hbox (4.06439pt too wide) in paragraph at lines 371--371
[]|\T1/ppl/m/n/9 (-20) 6+| 
 []


Overfull \hbox (4.06439pt too wide) in paragraph at lines 371--371
[]|\T1/ppl/m/n/9 (-20) 6+| 
 []


Overfull \hbox (4.06439pt too wide) in paragraph at lines 371--371
[]|\T1/ppl/m/n/9 (-20) 6+| 
 []


Overfull \hbox (4.06439pt too wide) in paragraph at lines 371--371
[]|\T1/ppl/m/n/9 (-20) 6+| 
 []


Overfull \hbox (4.06439pt too wide) in paragraph at lines 371--371
[]|\T1/ppl/m/n/9 (-20) 5+| 
 []


Overfull \hbox (4.06439pt too wide) in paragraph at lines 371--371
[]|\T1/ppl/m/n/9 (-20) 4+| 
 []


Overfull \hbox (4.06439pt too wide) in paragraph at lines 371--372
[]|\T1/ppl/m/n/9 (-20) 3+| 
 []


Overfull \hbox (4.06439pt too wide) in paragraph at lines 372--372
[]|\T1/ppl/m/n/9 (-20) 6+| 
 []


Overfull \hbox (4.06439pt too wide) in paragraph at lines 372--372
[]|\T1/ppl/m/n/9 (-20) 6+| 
 []


Overfull \hbox (4.06439pt too wide) in paragraph at lines 372--372
[]|\T1/ppl/m/n/9 (-20) 6+| 
 []


Overfull \hbox (4.06439pt too wide) in paragraph at lines 372--372
[]|\T1/ppl/m/n/9 (-20) 6+| 
 []


Overfull \hbox (4.06439pt too wide) in paragraph at lines 372--372
[]|\T1/ppl/m/n/9 (-20) 6+| 
 []


Overfull \hbox (4.06439pt too wide) in paragraph at lines 372--372
[]|\T1/ppl/m/n/9 (-20) 6+| 
 []


Overfull \hbox (4.06439pt too wide) in paragraph at lines 372--372
[]|\T1/ppl/m/n/9 (-20) 6+| 
 []


Overfull \hbox (4.06439pt too wide) in paragraph at lines 372--372
[]|\T1/ppl/m/n/9 (-20) 6+| 
 []


Overfull \hbox (4.06439pt too wide) in paragraph at lines 372--372
[]|\T1/ppl/m/n/9 (-20) 5+| 
 []


Overfull \hbox (4.06439pt too wide) in paragraph at lines 372--373
[]|\T1/ppl/m/n/9 (-20) 4+| 
 []


Overfull \hbox (2.0805pt too wide) in paragraph at lines 333--376
[][]  [] 
 []

[122]
File: gabarits_1.png Graphic file (type png)
 <use gabarits_1.png>
Package pdftex.def Info: gabarits_1.png used on input line 416.
(pdftex.def)             Requested size: 199.16928pt x 92.67255pt.
File: gabarits_2.png Graphic file (type png)
 <use gabarits_2.png>
Package pdftex.def Info: gabarits_2.png used on input line 417.
(pdftex.def)             Requested size: 113.81102pt x 85.77867pt.
)
Overfull \hbox (41.03804pt too wide) in paragraph at lines 421--152
[]
 []


Underfull \hbox (badness 10000) in paragraph at lines 421--152

 []

[123] (BRB_change_log.tex)
Package atveryend Info: Empty hook `BeforeClearDocument' on input line 156.
 [124]
Package atveryend Info: Empty hook `AfterLastShipout' on input line 156.
 (the-ninth-age_Rules_0-99-5_FR0.aux)
Package atveryend Info: Executing hook `AtVeryEndDocument' on input line 156.
Package atveryend Info: Executing hook `AtEndAfterFileList' on input line 156.
Package rerunfilecheck Info: File `the-ninth-age_Rules_0-99-5_FR0.out' has not 
changed.
(rerunfilecheck)             Checksum: 1F926003D7DCB78F9499965F50CEA223;6632.
Package atveryend Info: Empty hook `AtVeryVeryEnd' on input line 156.
 ) 
Here is how much of TeX's memory you used:
 13069 strings out of 493673
 196299 string characters out of 3141527
 361806 words of memory out of 3000000
 15223 multiletter control sequences out of 15000+200000
 85235 words of font info for 418 fonts, out of 3000000 for 9000
 1025 hyphenation exceptions out of 8191
 39i,17n,44p,1826b,606s stack positions out of 5000i,500n,10000p,200000b,50000s
{C:/Program Files (x86)/MiKTeX 2.9/fonts/enc/dvips/fontname/8r.enc}<C:/Progra
m Files (x86)/MiKTeX 2.9/fonts/type1/public/amsfonts/cm/cmmi10.pfb><C:/Program 
Files (x86)/MiKTeX 2.9/fonts/type1/public/amsfonts/cm/cmr10.pfb><C:/Program Fil
es (x86)/MiKTeX 2.9/fonts/type1/public/amsfonts/cm/cmr6.pfb><C:/Program Files (
x86)/MiKTeX 2.9/fonts/type1/public/amsfonts/cm/cmr8.pfb><C:/Program Files (x86)
/MiKTeX 2.9/fonts/type1/public/amsfonts/cm/cmr9.pfb><C:/Program Files (x86)/MiK
TeX 2.9/fonts/type1/public/amsfonts/cm/cmsy10.pfb><C:/Program Files (x86)/MiKTe
X 2.9/fonts/type1/public/amsfonts/cm/cmsy5.pfb><C:/Program Files (x86)/MiKTeX 2
.9/fonts/type1/public/amsfonts/cm/cmsy6.pfb><C:/Program Files (x86)/MiKTeX 2.9/
fonts/type1/public/amsfonts/cm/cmsy7.pfb><C:/Program Files (x86)/MiKTeX 2.9/fon
ts/type1/public/amsfonts/cm/cmsy8.pfb><C:/Program Files (x86)/MiKTeX 2.9/fonts/
type1/public/amsfonts/latxfont/line10.pfb><C:/Program Files (x86)/MiKTeX 2.9/fo
nts/type1/urw/courier/ucrr8a.pfb><C:/Program Files (x86)/MiKTeX 2.9/fonts/type1
/urw/palatino/uplb8a.pfb><C:/Program Files (x86)/MiKTeX 2.9/fonts/type1/urw/pal
atino/uplbi8a.pfb><C:/Program Files (x86)/MiKTeX 2.9/fonts/type1/urw/palatino/u
plr8a.pfb><C:/Program Files (x86)/MiKTeX 2.9/fonts/type1/urw/palatino/uplri8a.p
fb><C:/Program Files (x86)/MiKTeX 2.9/fonts/type1/urw/zapfchan/uzcmi8a.pfb>
Output written on the-ninth-age_Rules_0-99-5_FR0.pdf (126 pages, 4491665 bytes)
.
PDF statistics:
 2741 PDF objects out of 2984 (max. 8388607)
 395 named destinations out of 1000 (max. 500000)
 51172 words of extra memory for PDF output out of 51595 (max. 10000000)

