\BOOKMARK [0][-]{part.1}{1 Introduction}{}% 1
\BOOKMARK [1][-]{section.1.1}{BF : Le 9e \302ge, qu'est-ce que c'est ?}{part.1}% 2
\BOOKMARK [1][-]{section.1.2}{Note des traducteurs sur les distances}{part.1}% 3
\BOOKMARK [1][-]{section.1.3}{L'\351chelle du jeu...}{part.1}% 4
\BOOKMARK [0][-]{part.2}{2 Figurines, unit\351s et formations}{}% 5
\BOOKMARK [1][-]{section.2.1}{Figurines}{part.2}% 6
\BOOKMARK [1][-]{section.2.2}{Unit\351s}{part.2}% 7
\BOOKMARK [0][-]{part.3}{3 Principes g\351n\351raux}{}% 8
\BOOKMARK [1][-]{section.3.1}{Jeu au tour par tour}{part.3}% 9
\BOOKMARK [1][-]{section.3.2}{Les d\351s}{part.3}% 10
\BOOKMARK [1][-]{section.3.3}{Gabarits}{part.3}% 11
\BOOKMARK [0][-]{part.4}{4 Logistique du champ de bataille}{}% 12
\BOOKMARK [1][-]{section.4.1}{Distances}{part.4}% 13
\BOOKMARK [1][-]{section.4.2}{Champ de vision}{part.4}% 14
\BOOKMARK [1][-]{section.4.3}{R\350gle du pouce d'\351cart}{part.4}% 15
\BOOKMARK [1][-]{section.4.4}{Bords de table}{part.4}% 16
\BOOKMARK [0][-]{part.5}{5 Caract\351ristiques}{}% 17
\BOOKMARK [1][-]{section.5.1}{Profil de caract\351ristiques}{part.5}% 18
\BOOKMARK [1][-]{section.5.2}{Test de caract\351ristique}{part.5}% 19
\BOOKMARK [0][-]{part.6}{6 Pr\351parer une partie}{}% 20
\BOOKMARK [1][-]{section.6.1}{Construire votre liste d'arm\351e}{part.6}% 21
\BOOKMARK [1][-]{section.6.2}{Co\373t en points}{part.6}% 22
\BOOKMARK [1][-]{section.6.3}{Restrictions}{part.6}% 23
\BOOKMARK [1][-]{section.6.4}{Patrouilles et grandes arm\351es}{part.6}% 24
\BOOKMARK [1][-]{section.6.5}{Liste d'arm\351e ouverte ?}{part.6}% 25
\BOOKMARK [0][-]{part.7}{7 Mise en place de la partie}{}% 26
\BOOKMARK [1][-]{section.7.1}{\311tapes de la pr\351paration}{part.7}% 27
\BOOKMARK [1][-]{section.7.2}{Taille de la partie}{part.7}% 28
\BOOKMARK [1][-]{section.7.3}{D\351voiler les listes}{part.7}% 29
\BOOKMARK [1][-]{section.7.4}{Placer les d\351cors}{part.7}% 30
\BOOKMARK [1][-]{section.7.5}{Type de d\351ploiement}{part.7}% 31
\BOOKMARK [1][-]{section.7.6}{Objectifs secondaires}{part.7}% 32
\BOOKMARK [1][-]{section.7.7}{Zones de d\351ploiement}{part.7}% 33
\BOOKMARK [1][-]{section.7.8}{G\351n\351rer les sorts}{part.7}% 34
\BOOKMARK [0][-]{part.8}{8 D\351ploiement}{}% 35
\BOOKMARK [0][-]{part.9}{9 Phase de mouvement}{}% 36
\BOOKMARK [1][-]{section.9.1}{\311tapes de la phase}{part.9}% 37
\BOOKMARK [1][-]{section.9.2}{D\351claration des charges}{part.9}% 38
\BOOKMARK [1][-]{section.9.3}{Mouvements obligatoires}{part.9}% 39
\BOOKMARK [1][-]{section.9.4}{Autres mouvements}{part.9}% 40
\BOOKMARK [1][-]{section.9.5}{Pivots et roues}{part.9}% 41
\BOOKMARK [0][-]{part.10}{10 Phase de magie}{}% 42
\BOOKMARK [1][-]{section.10.1}{Sorciers}{part.10}% 43
\BOOKMARK [1][-]{section.10.2}{Sorts}{part.10}% 44
\BOOKMARK [1][-]{section.10.3}{\311tapes de la phase de magie}{part.10}% 45
\BOOKMARK [1][-]{section.10.4}{\311tapes de lancement d'un sort}{part.10}% 46
\BOOKMARK [1][-]{section.10.5}{Attributs de discipline}{part.10}% 47
\BOOKMARK [1][-]{section.10.6}{Objets de sort}{part.10}% 48
\BOOKMARK [1][-]{section.10.7}{Effets magiques particuliers}{part.10}% 49
\BOOKMARK [0][-]{part.11}{11 Phase de tir}{}% 50
\BOOKMARK [1][-]{section.11.1}{\311tapes de la phase de tir}{part.11}% 51
\BOOKMARK [1][-]{section.11.2}{Jets de d\351 pour toucher}{part.11}% 52
\BOOKMARK [0][-]{part.12}{12 Phase de corps \340 corps}{}% 53
\BOOKMARK [1][-]{section.12.1}{\311tapes de la phase de corps \340 corps}{part.12}% 54
\BOOKMARK [1][-]{section.12.2}{\311tapes d'une manche de corps \340 corps}{part.12}% 55
\BOOKMARK [1][-]{section.12.3}{Gagner une manche de combat}{part.12}% 56
\BOOKMARK [1][-]{section.12.4}{Test de moral}{part.12}% 57
\BOOKMARK [1][-]{section.12.5}{Poursuites et charges irr\351sistibles}{part.12}% 58
\BOOKMARK [1][-]{section.12.6}{Reformation de combat}{part.12}% 59
\BOOKMARK [0][-]{part.13}{13 Attaques et blessures}{}% 60
\BOOKMARK [1][-]{section.13.1}{\311tapes d'une attaque}{part.13}% 61
\BOOKMARK [1][-]{section.13.2}{R\351partition des touches}{part.13}% 62
\BOOKMARK [1][-]{section.13.3}{Jets pour blesser}{part.13}% 63
\BOOKMARK [1][-]{section.13.4}{Sauvegarde d'armure et modificateurs}{part.13}% 64
\BOOKMARK [1][-]{section.13.5}{R\351g\351n\351ration et sauvegarde invuln\351rable}{part.13}% 65
\BOOKMARK [1][-]{section.13.6}{Retirer les points de vie}{part.13}% 66
\BOOKMARK [1][-]{section.13.7}{Retirer les pertes}{part.13}% 67
\BOOKMARK [1][-]{section.13.8}{Test de panique}{part.13}% 68
\BOOKMARK [0][-]{part.14}{14 Types de troupe}{}% 69
\BOOKMARK [1][-]{section.14.1}{Figurines \340 pied ou mont\351es}{part.14}% 70
\BOOKMARK [1][-]{section.14.2}{R\350gles sp\351ciales des types de troupe}{part.14}% 71
\BOOKMARK [0][-]{part.15}{15 \311quipement standard}{}% 72
\BOOKMARK [1][-]{section.15.1}{Armes de corps \340 corps}{part.15}% 73
\BOOKMARK [1][-]{section.15.2}{Armes de tir}{part.15}% 74
\BOOKMARK [1][-]{section.15.3}{Armes d'artillerie}{part.15}% 75
\BOOKMARK [1][-]{section.15.4}{Armures}{part.15}% 76
\BOOKMARK [0][-]{part.16}{16 Personnages}{}% 77
\BOOKMARK [1][-]{section.16.1}{Personnages isol\351s}{part.16}% 78
\BOOKMARK [1][-]{section.16.2}{Rejoindre une unit\351}{part.16}% 79
\BOOKMARK [1][-]{section.16.3}{Le g\351n\351ral}{part.16}% 80
\BOOKMARK [1][-]{section.16.4}{Le porteur de la grande banni\350re}{part.16}% 81
\BOOKMARK [1][-]{section.16.5}{D\351fis}{part.16}% 82
\BOOKMARK [0][-]{part.17}{17 \311tat-majors}{}% 83
\BOOKMARK [1][-]{section.17.1}{\311tat-major et pertes}{part.17}% 84
\BOOKMARK [1][-]{section.17.2}{Musiciens}{part.17}% 85
\BOOKMARK [1][-]{section.17.3}{Porte-\351tendard}{part.17}% 86
\BOOKMARK [1][-]{section.17.4}{Champions}{part.17}% 87
\BOOKMARK [0][-]{part.18}{18 Terrains et d\351cors}{}% 88
\BOOKMARK [1][-]{section.18.1}{Types de terrain}{part.18}% 89
\BOOKMARK [1][-]{section.18.2}{Liste des terrains particuliers}{part.18}% 90
\BOOKMARK [0][-]{part.19}{19 Conditions de victoire et points}{}% 91
\BOOKMARK [1][-]{section.19.1}{Gagner des points de victoire}{part.19}% 92
\BOOKMARK [1][-]{section.19.2}{Qui a gagn\351 ?}{part.19}% 93
\BOOKMARK [0][-]{part.20}{20 R\350gles sp\351ciales}{}% 94
\BOOKMARK [1][-]{section.20.1}{Liste des r\350gles sp\351ciales}{part.20}% 95
\BOOKMARK [1][-]{section.20.2}{Appliquer les r\350gles sp\351ciales}{part.20}% 96
\BOOKMARK [0][-]{part.21}{21 Objets magiques}{}% 97
\BOOKMARK [1][-]{section.21.1}{Cat\351gories d'objets magiques}{part.21}% 98
\BOOKMARK [0][-]{part.22}{22 R\351sum\351 des R\350gles}{}% 99
\BOOKMARK [0][-]{part.23}{23 Journal des modifications}{}% 100
